[18:19:17] [Client thread/ERROR]: Can't find the resource index file: assets\indexes\1.8.json
[18:19:17] [Client thread/INFO]: Setting user: sex_3220
[18:19:17] [Client thread/INFO]: (Session ID is token:0:sex_3220)
[18:19:20] [Client thread/INFO]: [OptiFine] *** Reflector Forge ***
[18:19:20] [Client thread/INFO]: [OptiFine] (Reflector) Class not present: net.minecraftforge.client.model.Attributes
[18:19:20] [Client thread/INFO]: [OptiFine] (Reflector) Class not present: mods.betterfoliage.client.BetterFoliageClient
[18:19:20] [Client thread/INFO]: [OptiFine] (Reflector) Class not present: net.minecraftforge.fml.common.asm.transformers.BlamingTransformer
[18:19:20] [Client thread/INFO]: [OptiFine] (Reflector) Class not present: net.minecraftforge.event.world.ChunkWatchEvent$UnWatch
[18:19:20] [Client thread/INFO]: [OptiFine] (Reflector) Class not present: net.minecraftforge.fml.relauncher.CoreModManager
[18:19:20] [Client thread/INFO]: [OptiFine] (Reflector) Class not present: net.minecraftforge.common.DimensionManager
[18:19:20] [Client thread/INFO]: [OptiFine] (Reflector) Class not present: net.minecraftforge.client.event.GuiScreenEvent$DrawScreenEvent$Pre
[18:19:20] [Client thread/INFO]: [OptiFine] (Reflector) Class not present: net.minecraftforge.client.event.GuiScreenEvent$DrawScreenEvent$Post
[18:19:20] [Client thread/INFO]: [OptiFine] (Reflector) Class not present: net.minecraftforge.client.event.EntityViewRenderEvent$CameraSetup
[18:19:20] [Client thread/INFO]: [OptiFine] (Reflector) Class not present: net.minecraftforge.client.event.EntityViewRenderEvent$FogColors
[18:19:20] [Client thread/INFO]: [OptiFine] (Reflector) Class not present: net.minecraftforge.fml.common.eventhandler.Event
[18:19:20] [Client thread/INFO]: [OptiFine] (Reflector) Class not present: net.minecraftforge.fml.common.eventhandler.EventBus
[18:19:20] [Client thread/INFO]: [OptiFine] (Reflector) Class not present: net.minecraftforge.fml.common.eventhandler.Event$Result
[18:19:20] [Client thread/INFO]: [OptiFine] (Reflector) Class not present: net.minecraftforge.common.property.ExtendedBlockState
[18:19:20] [Client thread/INFO]: [OptiFine] (Reflector) Class not present: net.minecraftforge.fml.client.FMLClientHandler
[18:19:20] [Client thread/INFO]: [OptiFine] (Reflector) Class not present: net.minecraftforge.fml.common.FMLCommonHandler
[18:19:20] [Client thread/INFO]: [OptiFine] (Reflector) Method not present: net.minecraft.world.biome.BiomeGenBase.getWaterColorMultiplier
[18:19:20] [Client thread/INFO]: [OptiFine] (Reflector) Method not present: net.minecraft.block.Block.addDestroyEffects
[18:19:20] [Client thread/INFO]: [OptiFine] (Reflector) Method not present: net.minecraft.block.Block.addHitEffects
[18:19:20] [Client thread/INFO]: [OptiFine] (Reflector) Method not present: net.minecraft.block.Block.canCreatureSpawn
[18:19:20] [Client thread/INFO]: [OptiFine] (Reflector) Method not present: net.minecraft.block.Block.canRenderInLayer
[18:19:20] [Client thread/INFO]: [OptiFine] (Reflector) Method not present: net.minecraft.block.Block.doesSideBlockRendering
[18:19:20] [Client thread/INFO]: [OptiFine] (Reflector) Method not present: net.minecraft.block.Block.getBedDirection
[18:19:20] [Client thread/INFO]: [OptiFine] (Reflector) Method not present: net.minecraft.block.Block.getExtendedState
[18:19:20] [Client thread/INFO]: [OptiFine] (Reflector) Method not present: net.minecraft.block.Block.hasTileEntity
[18:19:20] [Client thread/INFO]: [OptiFine] (Reflector) Method not present: net.minecraft.block.Block.isAir
[18:19:20] [Client thread/INFO]: [OptiFine] (Reflector) Method not present: net.minecraft.block.Block.isBed
[18:19:20] [Client thread/INFO]: [OptiFine] (Reflector) Method not present: net.minecraft.block.Block.isBedFoot
[18:19:20] [Client thread/INFO]: [OptiFine] (Reflector) Method not present: net.minecraft.block.Block.isSideSolid
[18:19:20] [Client thread/INFO]: [OptiFine] (Reflector) Method not present: net.minecraft.entity.Entity.canRiderInteract
[18:19:20] [Client thread/INFO]: [OptiFine] (Reflector) Field not present: net.minecraft.entity.Entity.captureDrops
[18:19:20] [Client thread/INFO]: [OptiFine] (Reflector) Field not present: net.minecraft.entity.Entity.capturedDrops
[18:19:20] [Client thread/INFO]: [OptiFine] (Reflector) Method not present: net.minecraft.entity.Entity.shouldRenderInPass
[18:19:20] [Client thread/INFO]: [OptiFine] (Reflector) Method not present: net.minecraft.entity.Entity.shouldRiderSit
[18:19:20] [Client thread/INFO]: [OptiFine] (Reflector) Class not present: net.minecraftforge.event.ForgeEventFactory
[18:19:20] [Client thread/INFO]: [OptiFine] (Reflector) Class not present: net.minecraftforge.common.ForgeHooks
[18:19:20] [Client thread/INFO]: [OptiFine] (Reflector) Class not present: net.minecraftforge.client.ForgeHooksClient
[18:19:20] [Client thread/INFO]: [OptiFine] (Reflector) Method not present: net.minecraft.item.Item.getDurabilityForDisplay
[18:19:20] [Client thread/INFO]: [OptiFine] (Reflector) Method not present: net.minecraft.item.Item.getModel
[18:19:20] [Client thread/INFO]: [OptiFine] (Reflector) Method not present: net.minecraft.item.Item.onEntitySwing
[18:19:20] [Client thread/INFO]: [OptiFine] (Reflector) Method not present: net.minecraft.item.Item.shouldCauseReequipAnimation
[18:19:20] [Client thread/INFO]: [OptiFine] (Reflector) Method not present: net.minecraft.item.Item.showDurabilityBar
[18:19:20] [Client thread/INFO]: [OptiFine] (Reflector) Method not present: net.minecraft.item.ItemRecord.getRecordResource
[18:19:20] [Client thread/INFO]: [OptiFine] (Reflector) Class not present: net.minecraftforge.common.ForgeModContainer
[18:19:20] [Client thread/INFO]: [OptiFine] (Reflector) Method not present: net.minecraft.potion.PotionEffect.isCurativeItem
[18:19:20] [Client thread/INFO]: [OptiFine] (Reflector) Method not present: net.minecraft.tileentity.TileEntity.canRenderBreaking
[18:19:20] [Client thread/INFO]: [OptiFine] (Reflector) Method not present: net.minecraft.tileentity.TileEntity.getRenderBoundingBox
[18:19:20] [Client thread/INFO]: [OptiFine] (Reflector) Method not present: net.minecraft.tileentity.TileEntity.hasFastRenderer
[18:19:20] [Client thread/INFO]: [OptiFine] (Reflector) Method not present: net.minecraft.tileentity.TileEntity.shouldRenderInPass
[18:19:20] [Client thread/INFO]: [OptiFine] (Reflector) Method not present: net.minecraft.client.renderer.tileentity.TileEntityRendererDispatcher.preDrawBatch
[18:19:20] [Client thread/INFO]: [OptiFine] (Reflector) Method not present: net.minecraft.client.renderer.tileentity.TileEntityRendererDispatcher.drawBatch
[18:19:20] [Client thread/INFO]: [OptiFine] (Reflector) Method not present: net.minecraft.client.renderer.vertex.VertexFormatElement$EnumUsage.preDraw
[18:19:20] [Client thread/INFO]: [OptiFine] (Reflector) Method not present: net.minecraft.client.renderer.vertex.VertexFormatElement$EnumUsage.postDraw
[18:19:20] [Client thread/INFO]: [OptiFine] (Reflector) Method not present: net.minecraft.world.World.countEntities
[18:19:20] [Client thread/INFO]: [OptiFine] (Reflector) Method not present: net.minecraft.world.World.getPerWorldStorage
[18:19:20] [Client thread/INFO]: [OptiFine] (Reflector) Method not present: net.minecraft.world.WorldProvider.getCloudRenderer
[18:19:20] [Client thread/INFO]: [OptiFine] (Reflector) Method not present: net.minecraft.world.WorldProvider.getSkyRenderer
[18:19:20] [Client thread/INFO]: [OptiFine] (Reflector) Method not present: net.minecraft.world.WorldProvider.getWeatherRenderer
[18:19:20] [Client thread/INFO]: [OptiFine] (Reflector) Class not present: net.minecraftforge.fml.client.GuiModList
[18:19:20] [Client thread/INFO]: [OptiFine] (Reflector) Class not present: net.minecraftforge.client.model.IColoredBakedQuad
[18:19:20] [Client thread/INFO]: [OptiFine] (Reflector) Class not present: net.minecraftforge.common.property.IExtendedBlockState
[18:19:20] [Client thread/INFO]: [OptiFine] (Reflector) Class not present: net.minecraftforge.client.IRenderHandler
[18:19:20] [Client thread/INFO]: [OptiFine] (Reflector) Class not present: net.minecraftforge.client.model.ISmartBlockModel
[18:19:20] [Client thread/INFO]: [OptiFine] (Reflector) Class not present: net.minecraftforge.client.ItemModelMesherForge
[18:19:20] [Client thread/INFO]: [OptiFine] (Reflector) Class not present: net.minecraft.launchwrapper.Launch
[18:19:20] [Client thread/INFO]: [OptiFine] (Reflector) Class not present: net.minecraftforge.client.model.pipeline.LightUtil
[18:19:20] [Client thread/INFO]: [OptiFine] (Reflector) Class not present: net.minecraftforge.common.MinecraftForge
[18:19:20] [Client thread/INFO]: [OptiFine] (Reflector) Class not present: net.minecraftforge.client.MinecraftForgeClient
[18:19:20] [Client thread/INFO]: [OptiFine] (Reflector) Class not present: net.minecraftforge.client.model.ModelLoader
[18:19:20] [Client thread/INFO]: [OptiFine] (Reflector) Class not present: net.minecraftforge.client.event.RenderBlockOverlayEvent$OverlayType
[18:19:20] [Client thread/INFO]: [OptiFine] (Reflector) Class not present: net.minecraftforge.fml.client.registry.RenderingRegistry
[18:19:20] [Client thread/INFO]: [OptiFine] (Reflector) Class not present: net.minecraftforge.client.event.RenderItemInFrameEvent
[18:19:20] [Client thread/INFO]: [OptiFine] (Reflector) Class not present: net.minecraftforge.client.event.RenderLivingEvent$Pre
[18:19:20] [Client thread/INFO]: [OptiFine] (Reflector) Class not present: net.minecraftforge.client.event.RenderLivingEvent$Post
[18:19:20] [Client thread/INFO]: [OptiFine] (Reflector) Class not present: net.minecraftforge.client.event.RenderLivingEvent$Specials$Pre
[18:19:20] [Client thread/INFO]: [OptiFine] (Reflector) Class not present: net.minecraftforge.client.event.RenderLivingEvent$Specials$Post
[18:19:20] [Client thread/INFO]: [OptiFine] (Reflector) Class not present: net.minecraftforge.fml.client.SplashProgress
[18:19:20] [Client thread/INFO]: [OptiFine] (Reflector) Class not present: net.minecraftforge.event.world.WorldEvent$Load
[18:19:20] [Client thread/INFO]: [OptiFine] *** Reflector Vanilla ***
[18:19:20] [Client thread/INFO]: [OptiFine] (Reflector) Class not present: optifine.OptiFineClassTransformer
[18:19:20] [Client thread/INFO]: LWJGL Version: 2.9.4
[18:19:25] [Client thread/INFO]: [OptiFine] 
[18:19:25] [Client thread/INFO]: [OptiFine] OptiFine_1.8.8_HD_U_H8
[18:19:25] [Client thread/INFO]: [OptiFine] Build: null
[18:19:25] [Client thread/INFO]: [OptiFine] OS: Windows 10 (amd64) version 10.0
[18:19:25] [Client thread/INFO]: [OptiFine] Java: 11.0.12, Amazon.com Inc.
[18:19:25] [Client thread/INFO]: [OptiFine] VM: OpenJDK 64-Bit Server VM (mixed mode), Amazon.com Inc.
[18:19:25] [Client thread/INFO]: [OptiFine] LWJGL: 2.9.4
[18:19:25] [Client thread/INFO]: [OptiFine] OpenGL: NVIDIA GeForce GTX 750 Ti/PCIe/SSE2, version 4.6.0 NVIDIA 466.11, NVIDIA Corporation
[18:19:25] [Client thread/INFO]: [OptiFine] OpenGL Version: 4.6.0
[18:19:25] [Client thread/INFO]: [OptiFine] Maximum texture size: 16384x16384
[18:19:25] [Thread-5/INFO]: [OptiFine] Checking for new version
[18:19:25] [Client thread/INFO]: [Shaders] ShadersMod version: 2.4.12
[18:19:25] [Client thread/INFO]: [Shaders] OpenGL Version: 4.6.0 NVIDIA 466.11
[18:19:25] [Client thread/INFO]: [Shaders] Vendor:  NVIDIA Corporation
[18:19:25] [Client thread/INFO]: [Shaders] Renderer: NVIDIA GeForce GTX 750 Ti/PCIe/SSE2
[18:19:25] [Client thread/INFO]: [Shaders] Capabilities:  2.0  2.1  3.0  3.2  4.0 
[18:19:25] [Client thread/INFO]: [Shaders] GL_MAX_DRAW_BUFFERS: 8
[18:19:25] [Client thread/INFO]: [Shaders] GL_MAX_COLOR_ATTACHMENTS_EXT: 8
[18:19:25] [Client thread/INFO]: [Shaders] GL_MAX_TEXTURE_IMAGE_UNITS: 32
[18:19:25] [Client thread/INFO]: [Shaders] Load ShadersMod configuration.
[18:19:25] [Client thread/INFO]: [Shaders] Save ShadersMod configuration.
[18:19:25] [Client thread/INFO]: [Shaders] Shaders can not be loaded, Fast Render is enabled.
[18:19:25] [Client thread/INFO]: [Shaders] No shaderpack loaded.
[18:19:25] [Thread-5/INFO]: [OptiFine] Version found: I7
[18:19:28] [Client thread/INFO]: Reloading ResourceManager: Default
[18:19:28] [Client thread/INFO]: [OptiFine] *** Reloading textures ***
[18:19:28] [Client thread/INFO]: [OptiFine] Resource packs: Default
[18:19:29] [Sound Library Loader/INFO]: Starting up SoundSystem...
[18:19:29] [Thread-6/INFO]: Initializing LWJGL OpenAL
[18:19:29] [Thread-6/INFO]: (The LWJGL binding of OpenAL.  For more information, see http://www.lwjgl.org)
[18:19:29] [Thread-6/INFO]: OpenAL initialized.
[18:19:29] [Sound Library Loader/INFO]: Sound engine started
[18:19:32] [Client thread/INFO]: [OptiFine] Mipmap levels: 4
[18:19:32] [Client thread/INFO]: [OptiFine] Multitexture: false
[18:19:32] [Client thread/INFO]: [OptiFine] Multipass connected textures: false
[18:19:32] [Client thread/ERROR]: Using missing texture, unable to load minecraft:mcpatcher/ctm/default/empty.png, java.io.FileNotFoundException
[18:19:33] [Client thread/INFO]: Created: 512x512 textures-atlas
[18:19:37] [Client thread/INFO]: [OptiFine] *** Reloading custom textures ***
[18:19:37] [Client thread/INFO]: [OptiFine] Enable face culling: acacia_leaves, birch_leaves, dark_oak_leaves, jungle_leaves, oak_leaves, spruce_leaves
[18:19:45] [Client thread/WARN]: Unable to play unknown soundEvent: minecraft:music.menu
[18:20:11] [Client thread/WARN]: Unable to play unknown soundEvent: minecraft:music.menu
[18:20:32] [Client thread/WARN]: Unable to play unknown soundEvent: minecraft:music.menu
[18:20:46] [Client thread/WARN]: Unable to play unknown soundEvent: minecraft:music.menu
[18:21:01] [Client thread/WARN]: Unable to play unknown soundEvent: minecraft:music.menu
[18:21:06] [Client thread/WARN]: Unable to play unknown soundEvent: minecraft:music.menu
[18:21:31] [Client thread/WARN]: Unable to play unknown soundEvent: minecraft:music.menu
[18:21:57] [Client thread/WARN]: Unable to play unknown soundEvent: minecraft:music.menu
[18:22:13] [Client thread/WARN]: Unable to play unknown soundEvent: minecraft:music.menu
[18:22:22] [Client thread/WARN]: Unable to play unknown soundEvent: minecraft:music.menu
[18:22:27] [Client thread/WARN]: Unable to play unknown soundEvent: minecraft:music.menu
[18:22:42] [Client thread/WARN]: Unable to play unknown soundEvent: minecraft:music.menu
[18:23:11] [Client thread/WARN]: Unable to play unknown soundEvent: minecraft:music.menu
[18:23:16] [Client thread/WARN]: Unable to play unknown soundEvent: minecraft:gui.button.press
[18:23:25] [Client thread/WARN]: Unable to play unknown soundEvent: minecraft:music.menu
[18:23:25] [Client thread/WARN]: Unable to play unknown soundEvent: minecraft:gui.button.press
[18:23:28] [Client thread/WARN]: Unable to play unknown soundEvent: minecraft:gui.button.press
[18:23:28] [Client thread/WARN]: Unable to play unknown soundEvent: minecraft:gui.button.press
[18:23:32] [Client thread/WARN]: Unable to play unknown soundEvent: minecraft:gui.button.press
[18:23:33] [Client thread/WARN]: Unable to play unknown soundEvent: minecraft:gui.button.press
[18:23:40] [Client thread/WARN]: Unable to play unknown soundEvent: minecraft:gui.button.press
[18:23:41] [Client thread/WARN]: Unable to play unknown soundEvent: minecraft:music.menu
[18:24:01] [Client Shutdown Thread/INFO]: Stopping server
