[21:18:02] [Client thread/INFO]: Setting user: sex_1442
[21:18:02] [Client thread/INFO]: (Session ID is token:0:sex_1442)
[21:18:03] [Client thread/INFO]: [OptiFine] *** Reflector Forge ***
[21:18:03] [Client thread/INFO]: [OptiFine] (Reflector) Class not present: net.minecraftforge.client.model.Attributes
[21:18:03] [Client thread/INFO]: [OptiFine] (Reflector) Class not present: mods.betterfoliage.client.BetterFoliageClient
[21:18:03] [Client thread/INFO]: [OptiFine] (Reflector) Class not present: net.minecraftforge.fml.common.asm.transformers.BlamingTransformer
[21:18:03] [Client thread/INFO]: [OptiFine] (Reflector) Class not present: net.minecraftforge.event.world.ChunkWatchEvent$UnWatch
[21:18:04] [Client thread/INFO]: [OptiFine] (Reflector) Class not present: net.minecraftforge.fml.relauncher.CoreModManager
[21:18:04] [Client thread/INFO]: [OptiFine] (Reflector) Class not present: net.minecraftforge.common.DimensionManager
[21:18:04] [Client thread/INFO]: [OptiFine] (Reflector) Class not present: net.minecraftforge.client.event.GuiScreenEvent$DrawScreenEvent$Pre
[21:18:04] [Client thread/INFO]: [OptiFine] (Reflector) Class not present: net.minecraftforge.client.event.GuiScreenEvent$DrawScreenEvent$Post
[21:18:04] [Client thread/INFO]: [OptiFine] (Reflector) Class not present: net.minecraftforge.client.event.EntityViewRenderEvent$CameraSetup
[21:18:04] [Client thread/INFO]: [OptiFine] (Reflector) Class not present: net.minecraftforge.client.event.EntityViewRenderEvent$FogColors
[21:18:04] [Client thread/INFO]: [OptiFine] (Reflector) Class not present: net.minecraftforge.fml.common.eventhandler.Event
[21:18:04] [Client thread/INFO]: [OptiFine] (Reflector) Class not present: net.minecraftforge.fml.common.eventhandler.EventBus
[21:18:04] [Client thread/INFO]: [OptiFine] (Reflector) Class not present: net.minecraftforge.fml.common.eventhandler.Event$Result
[21:18:04] [Client thread/INFO]: [OptiFine] (Reflector) Class not present: net.minecraftforge.common.property.ExtendedBlockState
[21:18:04] [Client thread/INFO]: [OptiFine] (Reflector) Class not present: net.minecraftforge.fml.client.FMLClientHandler
[21:18:04] [Client thread/INFO]: [OptiFine] (Reflector) Class not present: net.minecraftforge.fml.common.FMLCommonHandler
[21:18:04] [Client thread/INFO]: [OptiFine] (Reflector) Method not present: net.minecraft.world.biome.BiomeGenBase.getWaterColorMultiplier
[21:18:04] [Client thread/INFO]: [OptiFine] (Reflector) Method not present: net.minecraft.block.Block.addDestroyEffects
[21:18:04] [Client thread/INFO]: [OptiFine] (Reflector) Method not present: net.minecraft.block.Block.addHitEffects
[21:18:04] [Client thread/INFO]: [OptiFine] (Reflector) Method not present: net.minecraft.block.Block.canCreatureSpawn
[21:18:04] [Client thread/INFO]: [OptiFine] (Reflector) Method not present: net.minecraft.block.Block.canRenderInLayer
[21:18:04] [Client thread/INFO]: [OptiFine] (Reflector) Method not present: net.minecraft.block.Block.doesSideBlockRendering
[21:18:04] [Client thread/INFO]: [OptiFine] (Reflector) Method not present: net.minecraft.block.Block.getBedDirection
[21:18:04] [Client thread/INFO]: [OptiFine] (Reflector) Method not present: net.minecraft.block.Block.getExtendedState
[21:18:04] [Client thread/INFO]: [OptiFine] (Reflector) Method not present: net.minecraft.block.Block.hasTileEntity
[21:18:04] [Client thread/INFO]: [OptiFine] (Reflector) Method not present: net.minecraft.block.Block.isAir
[21:18:04] [Client thread/INFO]: [OptiFine] (Reflector) Method not present: net.minecraft.block.Block.isBed
[21:18:04] [Client thread/INFO]: [OptiFine] (Reflector) Method not present: net.minecraft.block.Block.isBedFoot
[21:18:04] [Client thread/INFO]: [OptiFine] (Reflector) Method not present: net.minecraft.block.Block.isSideSolid
[21:18:04] [Client thread/INFO]: [OptiFine] (Reflector) Method not present: net.minecraft.entity.Entity.canRiderInteract
[21:18:04] [Client thread/INFO]: [OptiFine] (Reflector) Field not present: net.minecraft.entity.Entity.captureDrops
[21:18:04] [Client thread/INFO]: [OptiFine] (Reflector) Field not present: net.minecraft.entity.Entity.capturedDrops
[21:18:04] [Client thread/INFO]: [OptiFine] (Reflector) Method not present: net.minecraft.entity.Entity.shouldRenderInPass
[21:18:04] [Client thread/INFO]: [OptiFine] (Reflector) Method not present: net.minecraft.entity.Entity.shouldRiderSit
[21:18:04] [Client thread/INFO]: [OptiFine] (Reflector) Class not present: net.minecraftforge.event.ForgeEventFactory
[21:18:04] [Client thread/INFO]: [OptiFine] (Reflector) Class not present: net.minecraftforge.common.ForgeHooks
[21:18:04] [Client thread/INFO]: [OptiFine] (Reflector) Class not present: net.minecraftforge.client.ForgeHooksClient
[21:18:04] [Client thread/INFO]: [OptiFine] (Reflector) Method not present: net.minecraft.item.Item.getDurabilityForDisplay
[21:18:04] [Client thread/INFO]: [OptiFine] (Reflector) Method not present: net.minecraft.item.Item.getModel
[21:18:04] [Client thread/INFO]: [OptiFine] (Reflector) Method not present: net.minecraft.item.Item.onEntitySwing
[21:18:04] [Client thread/INFO]: [OptiFine] (Reflector) Method not present: net.minecraft.item.Item.shouldCauseReequipAnimation
[21:18:04] [Client thread/INFO]: [OptiFine] (Reflector) Method not present: net.minecraft.item.Item.showDurabilityBar
[21:18:04] [Client thread/INFO]: [OptiFine] (Reflector) Method not present: net.minecraft.item.ItemRecord.getRecordResource
[21:18:04] [Client thread/INFO]: [OptiFine] (Reflector) Class not present: net.minecraftforge.common.ForgeModContainer
[21:18:04] [Client thread/INFO]: [OptiFine] (Reflector) Method not present: net.minecraft.potion.PotionEffect.isCurativeItem
[21:18:04] [Client thread/INFO]: [OptiFine] (Reflector) Method not present: net.minecraft.tileentity.TileEntity.canRenderBreaking
[21:18:04] [Client thread/INFO]: [OptiFine] (Reflector) Method not present: net.minecraft.tileentity.TileEntity.getRenderBoundingBox
[21:18:04] [Client thread/INFO]: [OptiFine] (Reflector) Method not present: net.minecraft.tileentity.TileEntity.hasFastRenderer
[21:18:04] [Client thread/INFO]: [OptiFine] (Reflector) Method not present: net.minecraft.tileentity.TileEntity.shouldRenderInPass
[21:18:04] [Client thread/INFO]: [OptiFine] (Reflector) Method not present: net.minecraft.client.renderer.tileentity.TileEntityRendererDispatcher.preDrawBatch
[21:18:04] [Client thread/INFO]: [OptiFine] (Reflector) Method not present: net.minecraft.client.renderer.tileentity.TileEntityRendererDispatcher.drawBatch
[21:18:04] [Client thread/INFO]: [OptiFine] (Reflector) Method not present: net.minecraft.client.renderer.vertex.VertexFormatElement$EnumUsage.preDraw
[21:18:04] [Client thread/INFO]: [OptiFine] (Reflector) Method not present: net.minecraft.client.renderer.vertex.VertexFormatElement$EnumUsage.postDraw
[21:18:04] [Client thread/INFO]: [OptiFine] (Reflector) Method not present: net.minecraft.world.World.countEntities
[21:18:04] [Client thread/INFO]: [OptiFine] (Reflector) Method not present: net.minecraft.world.World.getPerWorldStorage
[21:18:04] [Client thread/INFO]: [OptiFine] (Reflector) Method not present: net.minecraft.world.WorldProvider.getCloudRenderer
[21:18:04] [Client thread/INFO]: [OptiFine] (Reflector) Method not present: net.minecraft.world.WorldProvider.getSkyRenderer
[21:18:04] [Client thread/INFO]: [OptiFine] (Reflector) Method not present: net.minecraft.world.WorldProvider.getWeatherRenderer
[21:18:04] [Client thread/INFO]: [OptiFine] (Reflector) Class not present: net.minecraftforge.fml.client.GuiModList
[21:18:04] [Client thread/INFO]: [OptiFine] (Reflector) Class not present: net.minecraftforge.client.model.IColoredBakedQuad
[21:18:04] [Client thread/INFO]: [OptiFine] (Reflector) Class not present: net.minecraftforge.common.property.IExtendedBlockState
[21:18:04] [Client thread/INFO]: [OptiFine] (Reflector) Class not present: net.minecraftforge.client.IRenderHandler
[21:18:04] [Client thread/INFO]: [OptiFine] (Reflector) Class not present: net.minecraftforge.client.model.ISmartBlockModel
[21:18:04] [Client thread/INFO]: [OptiFine] (Reflector) Class not present: net.minecraftforge.client.ItemModelMesherForge
[21:18:04] [Client thread/INFO]: [OptiFine] (Reflector) Class not present: net.minecraft.launchwrapper.Launch
[21:18:04] [Client thread/INFO]: [OptiFine] (Reflector) Class not present: net.minecraftforge.client.model.pipeline.LightUtil
[21:18:04] [Client thread/INFO]: [OptiFine] (Reflector) Class not present: net.minecraftforge.common.MinecraftForge
[21:18:04] [Client thread/INFO]: [OptiFine] (Reflector) Class not present: net.minecraftforge.client.MinecraftForgeClient
[21:18:04] [Client thread/INFO]: [OptiFine] (Reflector) Class not present: net.minecraftforge.client.model.ModelLoader
[21:18:04] [Client thread/INFO]: [OptiFine] (Reflector) Class not present: net.minecraftforge.client.event.RenderBlockOverlayEvent$OverlayType
[21:18:04] [Client thread/INFO]: [OptiFine] (Reflector) Class not present: net.minecraftforge.fml.client.registry.RenderingRegistry
[21:18:04] [Client thread/INFO]: [OptiFine] (Reflector) Class not present: net.minecraftforge.client.event.RenderItemInFrameEvent
[21:18:04] [Client thread/INFO]: [OptiFine] (Reflector) Class not present: net.minecraftforge.client.event.RenderLivingEvent$Pre
[21:18:04] [Client thread/INFO]: [OptiFine] (Reflector) Class not present: net.minecraftforge.client.event.RenderLivingEvent$Post
[21:18:04] [Client thread/INFO]: [OptiFine] (Reflector) Class not present: net.minecraftforge.client.event.RenderLivingEvent$Specials$Pre
[21:18:04] [Client thread/INFO]: [OptiFine] (Reflector) Class not present: net.minecraftforge.client.event.RenderLivingEvent$Specials$Post
[21:18:04] [Client thread/INFO]: [OptiFine] (Reflector) Class not present: net.minecraftforge.fml.client.SplashProgress
[21:18:04] [Client thread/INFO]: [OptiFine] (Reflector) Class not present: net.minecraftforge.event.world.WorldEvent$Load
[21:18:04] [Client thread/INFO]: [OptiFine] *** Reflector Vanilla ***
[21:18:04] [Client thread/INFO]: [OptiFine] (Reflector) Field not present: me.kansio.client.gui.MainMenu.(type: class java.lang.String, index: 0)
[21:18:04] [Client thread/INFO]: [OptiFine] (Reflector) Class not present: optifine.OptiFineClassTransformer
[21:18:04] [Client thread/INFO]: LWJGL Version: 2.9.4
[21:18:04] [Client thread/INFO]: [OptiFine] 
[21:18:04] [Client thread/INFO]: [OptiFine] OptiFine_1.8.8_HD_U_H8
[21:18:04] [Client thread/INFO]: [OptiFine] Build: null
[21:18:04] [Client thread/INFO]: [OptiFine] OS: Windows 10 (amd64) version 10.0
[21:18:04] [Client thread/INFO]: [OptiFine] Java: 11.0.13, Azul Systems, Inc.
[21:18:04] [Client thread/INFO]: [OptiFine] VM: OpenJDK 64-Bit Server VM (mixed mode), Azul Systems, Inc.
[21:18:04] [Client thread/INFO]: [OptiFine] LWJGL: 2.9.4
[21:18:04] [Client thread/INFO]: [OptiFine] OpenGL: AMD Radeon(TM) Graphics, version 4.6.13596 Compatibility Profile Context 20.10.22.03 27.20.1022.3003, ATI Technologies Inc.
[21:18:04] [Client thread/INFO]: [OptiFine] OpenGL Version: 4.6.13596
[21:18:04] [Client thread/INFO]: [OptiFine] OpenGL Fancy fog: Not available (GL_NV_fog_distance)
[21:18:04] [Client thread/INFO]: [OptiFine] Maximum texture size: 16384x16384
[21:18:04] [Thread-6/INFO]: [OptiFine] Checking for new version
[21:18:04] [Client thread/INFO]: [Shaders] ShadersMod version: 2.4.12
[21:18:04] [Client thread/INFO]: [Shaders] OpenGL Version: 4.6.13596 Compatibility Profile Context 20.10.22.03 27.20.1022.3003
[21:18:04] [Client thread/INFO]: [Shaders] Vendor:  ATI Technologies Inc.
[21:18:04] [Client thread/INFO]: [Shaders] Renderer: AMD Radeon(TM) Graphics
[21:18:04] [Client thread/INFO]: [Shaders] Capabilities:  2.0  2.1  3.0  3.2  4.0 
[21:18:04] [Client thread/INFO]: [Shaders] GL_MAX_DRAW_BUFFERS: 8
[21:18:04] [Client thread/INFO]: [Shaders] GL_MAX_COLOR_ATTACHMENTS_EXT: 8
[21:18:04] [Client thread/INFO]: [Shaders] GL_MAX_TEXTURE_IMAGE_UNITS: 32
[21:18:04] [Client thread/INFO]: [Shaders] Load ShadersMod configuration.
[21:18:04] [Client thread/INFO]: [Shaders] No shaderpack loaded.
[21:18:04] [Client thread/INFO]: Reloading ResourceManager: Default, ! §bPrem §3Q [32x] (2 Sky version).zip
[21:18:05] [Client thread/INFO]: [OptiFine] *** Reloading textures ***
[21:18:05] [Client thread/INFO]: [OptiFine] Resource packs: ! §bPrem §3Q [32x] (2 Sky version).zip
[21:18:05] [Thread-6/INFO]: [OptiFine] Version found: I7
[21:18:05] [Sound Library Loader/INFO]: Starting up SoundSystem...
[21:18:05] [Thread-7/INFO]: Initializing LWJGL OpenAL
[21:18:05] [Thread-7/INFO]: (The LWJGL binding of OpenAL.  For more information, see http://www.lwjgl.org)
[21:18:05] [Thread-7/INFO]: OpenAL initialized.
[21:18:05] [Client thread/WARN]: File minecraft:sounds/sleek/deatheffect/oof.ogg does not exist, cannot add it to event minecraft:deatheffect.oof
[21:18:05] [Client thread/WARN]: File minecraft:sounds/deatheffect/gta.ogg does not exist, cannot add it to event minecraft:deatheffect.gta
[21:18:05] [Client thread/INFO]: [OptiFine] Loading textures/font/ascii.properties
[21:18:05] [Client thread/INFO]: [OptiFine] Loading textures/font/ascii_sga.properties
[21:18:05] [Sound Library Loader/INFO]: Sound engine started
[21:18:07] [Client thread/INFO]: [OptiFine] Mipmap levels: 4
[21:18:07] [Client thread/INFO]: [OptiFine] Multitexture: false
[21:18:07] [Client thread/INFO]: [OptiFine] ConnectedTextures: mcpatcher/ctm/glass/glass.properties
[21:18:07] [Client thread/INFO]: [OptiFine] ConnectedTextures: mcpatcher/ctm/glass_clear/glass.properties
[21:18:07] [Client thread/INFO]: [OptiFine] ConnectedTextures: mcpatcher/ctm/glass_gray/glass_gray.properties
[21:18:07] [Client thread/INFO]: [OptiFine] ConnectedTextures: mcpatcher/ctm/glass_stained/glass_black/glass_black.properties
[21:18:07] [Client thread/INFO]: [OptiFine] ConnectedTextures: mcpatcher/ctm/glass_stained/glass_blue/glass_blue.properties
[21:18:07] [Client thread/INFO]: [OptiFine] ConnectedTextures: mcpatcher/ctm/glass_stained/glass_brown/glass_brown.properties
[21:18:07] [Client thread/INFO]: [OptiFine] ConnectedTextures: mcpatcher/ctm/glass_stained/glass_cyan/glass_cyan.properties
[21:18:07] [Client thread/INFO]: [OptiFine] ConnectedTextures: mcpatcher/ctm/glass_stained/glass_gray/glass_gray.properties
[21:18:07] [Client thread/INFO]: [OptiFine] ConnectedTextures: mcpatcher/ctm/glass_stained/glass_green/glass_green.properties
[21:18:07] [Client thread/INFO]: [OptiFine] ConnectedTextures: mcpatcher/ctm/glass_stained/glass_light_blue/glass_light_blue.properties
[21:18:07] [Client thread/INFO]: [OptiFine] ConnectedTextures: mcpatcher/ctm/glass_stained/glass_lime/glass_lime.properties
[21:18:07] [Client thread/INFO]: [OptiFine] ConnectedTextures: mcpatcher/ctm/glass_stained/glass_magenta/glass_magenta.properties
[21:18:07] [Client thread/INFO]: [OptiFine] ConnectedTextures: mcpatcher/ctm/glass_stained/glass_orange/glass_orange.properties
[21:18:07] [Client thread/INFO]: [OptiFine] ConnectedTextures: mcpatcher/ctm/glass_stained/glass_pink/glass_pink.properties
[21:18:07] [Client thread/INFO]: [OptiFine] ConnectedTextures: mcpatcher/ctm/glass_stained/glass_purple/glass_purple.properties
[21:18:07] [Client thread/INFO]: [OptiFine] ConnectedTextures: mcpatcher/ctm/glass_stained/glass_red/glass_red.properties
[21:18:07] [Client thread/INFO]: [OptiFine] ConnectedTextures: mcpatcher/ctm/glass_stained/glass_silver/glass_silver.properties
[21:18:07] [Client thread/INFO]: [OptiFine] ConnectedTextures: mcpatcher/ctm/glass_stained/glass_white/glass_white.properties
[21:18:07] [Client thread/INFO]: [OptiFine] ConnectedTextures: mcpatcher/ctm/glass_stained/glass_yellow/glass_yellow.properties
[21:18:07] [Client thread/INFO]: [OptiFine] ConnectedTextures: mcpatcher/ctm/hardened_clay_stained_blue.properties
[21:18:07] [Client thread/INFO]: [OptiFine] ConnectedTextures: mcpatcher/ctm/hardened_clay_stained_lime.properties
[21:18:07] [Client thread/INFO]: [OptiFine] ConnectedTextures: mcpatcher/ctm/hardened_clay_stained_red.properties
[21:18:07] [Client thread/INFO]: [OptiFine] ConnectedTextures: mcpatcher/ctm/hardened_clay_stained_white.properties
[21:18:07] [Client thread/INFO]: [OptiFine] ConnectedTextures: mcpatcher/ctm/hardened_clay_stained_yellow.properties
[21:18:07] [Client thread/INFO]: [OptiFine] Multipass connected textures: false
[21:18:07] [Client thread/INFO]: [OptiFine] Multipass connected textures: false
[21:18:08] [Client thread/INFO]: Created: 2048x1024 textures-atlas
[21:18:09] [Client thread/INFO]: [OptiFine] *** Reloading custom textures ***
[21:18:09] [Client thread/INFO]: [OptiFine] CustomColors: Colormap mcpatcher/colormap/water.png
[21:18:09] [Client thread/INFO]: [OptiFine] CustomColors: Colormap mcpatcher/colormap/pine.png
[21:18:09] [Client thread/INFO]: [OptiFine] CustomColors: Colormap mcpatcher/colormap/birch.png
[21:18:09] [Client thread/INFO]: [OptiFine] CustomColors: Colormap mcpatcher/colormap/swampgrass.png
[21:18:09] [Client thread/INFO]: [OptiFine] CustomColors: Colormap mcpatcher/colormap/swampfoliage.png
[21:18:09] [Client thread/INFO]: [OptiFine] CustomColors: Colormap mcpatcher/colormap/sky0.png
[21:18:09] [Client thread/INFO]: [OptiFine] CustomColors: Colormap mcpatcher/colormap/fog0.png
[21:18:09] [Client thread/INFO]: [OptiFine] CustomColors: Colormap mcpatcher/colormap/underwater.png
[21:18:09] [Client thread/INFO]: [OptiFine] CustomColors: Colormap mcpatcher/colormap/redstone.png
[21:18:09] [Client thread/INFO]: [OptiFine] CustomColors: Non-standard palette size: 1x16, should be: 16x1, path: mcpatcher/colormap/redstone.png
[21:18:09] [Client thread/INFO]: [OptiFine] CustomColors: Colormap mcpatcher/lightmap/world0.png
[21:18:09] [Client thread/INFO]: [OptiFine] CustomSky properties: mcpatcher/sky/world0/sky1.properties
[21:18:10] [Client thread/INFO]: [OptiFine] CustomSky properties: mcpatcher/sky/world0/sky2.properties
[21:18:11] [Client thread/INFO]: [OptiFine] CustomSky properties: mcpatcher/sky/world0/sky3.properties
[21:18:11] [Client thread/INFO]: [OptiFine] Enable face culling: acacia_leaves, birch_leaves, dark_oak_leaves, jungle_leaves, oak_leaves, spruce_leaves
[21:18:36] [Server thread/INFO]: Starting integrated minecraft server version 1.8.8
[21:18:36] [Server thread/INFO]: Generating keypair
[21:18:36] [Server thread/INFO]: Preparing start region for level 0
[21:18:37] [Server thread/INFO]: Changing view distance to 8, from 10
[21:18:38] [Server thread/INFO]: sex_1442[local:E:df6dd296] logged in with entity id 226 at (-439.6338863352833, 87.12051829934836, 1083.5382184268665)
[21:18:38] [Server thread/INFO]: sex_1442 joined the game
[21:19:28] [Server thread/INFO]: Saving and pausing game...
[21:19:28] [Server thread/INFO]: Saving chunks for level 'New World'/Overworld
[21:19:28] [Server thread/INFO]: Saving chunks for level 'New World'/Nether
[21:19:28] [Server thread/INFO]: Saving chunks for level 'New World'/The End
[21:20:17] [Server thread/INFO]: sex_1442 has just earned the achievement [Taking Inventory]
[21:20:17] [Client thread/INFO]: [CHAT] sex_1442 has just earned the achievement [Taking Inventory]
[21:20:53] [Server thread/INFO]: Saving and pausing game...
[21:20:53] [Server thread/INFO]: Saving chunks for level 'New World'/Overworld
[21:20:53] [Server thread/INFO]: Saving chunks for level 'New World'/Nether
[21:20:53] [Server thread/INFO]: Saving chunks for level 'New World'/The End
