#
# There is insufficient memory for the Java Runtime Environment to continue.
# Native memory allocation (mmap) failed to map 507510784 bytes for Failed to commit area from 0x0000000096d00000 to 0x00000000b5100000 of length 507510784.
# Possible reasons:
#   The system is out of physical RAM or swap space
#   The process is running with CompressedOops enabled, and the Java Heap may be blocking the growth of the native heap
# Possible solutions:
#   Reduce memory load on the system
#   Increase physical memory or swap space
#   Check if swap backing store is full
#   Decrease Java heap size (-Xmx/-Xms)
#   Decrease number of Java threads
#   Decrease Java thread stack sizes (-Xss)
#   Set larger code cache with -XX:ReservedCodeCacheSize=
#   JVM is running with Unscaled Compressed Oops mode in which the Java heap is
#     placed in the first 4GB address space. The Java Heap base address is the
#     maximum limit for the native heap growth. Please use -XX:HeapBaseMinAddress
#     to set the Java Heap base and to place the Java Heap above 4GB virtual address.
# This output file may be truncated or incomplete.
#
#  Out of Memory Error (./src/hotspot/os/windows/os_windows.cpp:3311), pid=11152, tid=11148
#
# JRE version: OpenJDK Runtime Environment Corretto-11.0.13.8.1 (11.0.13+8) (build 11.0.13+8-LTS)
# Java VM: OpenJDK 64-Bit Server VM Corretto-11.0.13.8.1 (11.0.13+8-LTS, mixed mode, tiered, compressed oops, g1 gc, windows-amd64)
# No core dump will be written. Minidumps are not enabled by default on client versions of Windows
#

---------------  S U M M A R Y ------------

Command Line: -agentlib:jdwp=transport=dt_socket,address=127.0.0.1:1455,suspend=y,server=n -Djava.library.path=D:\ClientMaking\CatJam\Client\workspace\versions\1.8.8\1.8.8-natives -javaagent:C:\Users\beand\AppData\Local\JetBrains\IdeaIC2021.1\captureAgent\debugger-agent.jar -Dfile.encoding=UTF-8 Start

Host: Intel(R) Core(TM) i7-4770 CPU @ 3.40GHz, 8 cores, 7G,  Windows 10 , 64 bit Build 19041 (10.0.19041.1348)
Time: Fri Dec 31 21:50:57 2021 Eastern Standard Time elapsed time: 4143.617328 seconds (0d 1h 9m 3s)

---------------  T H R E A D  ---------------

Current thread (0x000001ea20b0d000):  VMThread "VM Thread" [stack: 0x00000072c4e00000,0x00000072c4f00000] [id=11148]

Stack: [0x00000072c4e00000,0x00000072c4f00000]
[error occurred during error reporting (printing stack bounds), id 0xc0000005, EXCEPTION_ACCESS_VIOLATION (0xc0000005) at pc=0x000001ea09a8112d]

Native frames: (J=compiled Java code, j=interpreted, Vv=VM code, C=native code)
V  [jvm.dll+0x61ccaa]
V  [jvm.dll+0x7a9839]
V  [jvm.dll+0x7aaeff]
V  [jvm.dll+0x7ab535]
V  [jvm.dll+0x7ab4eb]
V  [jvm.dll+0x61c193]
V  [jvm.dll+0x61c8a8]
C  [ntdll.dll+0xa20cf]
C  [ntdll.dll+0x51454]
C  [ntdll.dll+0xa0bfe]
C  0x000001ea09a8112d

VM_Operation (0x00000072c48feae0): G1CollectForAllocation, mode: safepoint, requested by thread 0x000001ea7ea84000


---------------  P R O C E S S  ---------------

Threads class SMR info:
_java_thread_list=0x000001ea217183a0, length=32, elements={
0x000001ea7ea84000, 0x000001ea20b31800, 0x000001ea20b33000, 0x000001ea20b49000,
0x000001ea20b4a000, 0x000001ea20b4c800, 0x000001ea20b4f000, 0x000001ea214bc000,
0x000001ea214c1800, 0x000001ea21621000, 0x000001ea2174c800, 0x000001ea21722800,
0x000001ea21723800, 0x000001ea21669800, 0x000001ea2a33a800, 0x000001ea22be5000,
0x000001ea291d6800, 0x000001ea229ca800, 0x000001ea264aa800, 0x000001ea25e05800,
0x000001ea222bc800, 0x000001ea21726000, 0x000001ea21727000, 0x000001ea21725000,
0x000001ea21724800, 0x000001ea21722000, 0x000001ea21727800, 0x000001ea21728800,
0x000001ea25ac4800, 0x000001ea25ac7000, 0x000001ea25ac6800, 0x000001ea25ac8000
}

Java Threads: ( => current thread )
  0x000001ea7ea84000 JavaThread "Client thread" [_thread_blocked, id=14992, stack(0x00000072c4800000,0x00000072c4900000)]
  0x000001ea20b31800 JavaThread "Reference Handler" daemon [_thread_blocked, id=10720, stack(0x00000072c4f00000,0x00000072c5000000)]
  0x000001ea20b33000 JavaThread "Finalizer" daemon [_thread_blocked, id=14856, stack(0x00000072c5000000,0x00000072c5100000)]
  0x000001ea20b49000 JavaThread "Signal Dispatcher" daemon [_thread_blocked, id=13480, stack(0x00000072c5100000,0x00000072c5200000)]
  0x000001ea20b4a000 JavaThread "Attach Listener" daemon [_thread_blocked, id=13820, stack(0x00000072c5200000,0x00000072c5300000)]
  0x000001ea20b4c800 JavaThread "Service Thread" daemon [_thread_blocked, id=7120, stack(0x00000072c5300000,0x00000072c5400000)]
  0x000001ea20b4f000 JavaThread "C2 CompilerThread0" daemon [_thread_blocked, id=13120, stack(0x00000072c5400000,0x00000072c5500000)]
  0x000001ea214bc000 JavaThread "C1 CompilerThread0" daemon [_thread_blocked, id=7200, stack(0x00000072c5500000,0x00000072c5600000)]
  0x000001ea214c1800 JavaThread "Sweeper thread" daemon [_thread_blocked, id=13788, stack(0x00000072c5600000,0x00000072c5700000)]
  0x000001ea21621000 JavaThread "Common-Cleaner" daemon [_thread_blocked, id=11348, stack(0x00000072c5700000,0x00000072c5800000)]
  0x000001ea2174c800 JavaThread "JDWP Transport Listener: dt_socket" daemon [_thread_blocked, id=13676, stack(0x00000072c5900000,0x00000072c5a00000)]
  0x000001ea21722800 JavaThread "JDWP Event Helper Thread" daemon [_thread_blocked, id=7448, stack(0x00000072c5a00000,0x00000072c5b00000)]
  0x000001ea21723800 JavaThread "JDWP Command Reader" daemon [_thread_in_native, id=13912, stack(0x00000072c5b00000,0x00000072c5c00000)]
  0x000001ea21669800 JavaThread "Snooper Timer" daemon [_thread_blocked, id=14524, stack(0x00000072c5800000,0x00000072c5900000)]
  0x000001ea2a33a800 JavaThread "Timer hack thread" daemon [_thread_blocked, id=8632, stack(0x00000072c6300000,0x00000072c6400000)]
  0x000001ea22be5000 JavaThread "Java2D Disposer" daemon [_thread_blocked, id=1276, stack(0x00000072c6400000,0x00000072c6500000)]
  0x000001ea291d6800 JavaThread "Thread-6" [_thread_blocked, id=9156, stack(0x00000072c6c00000,0x00000072c6d00000)]
  0x000001ea229ca800 JavaThread "Thread-7" [_thread_blocked, id=816, stack(0x00000072c6d00000,0x00000072c6e00000)]
  0x000001ea264aa800 JavaThread "Chunk Batcher 0" daemon [_thread_blocked, id=13160, stack(0x00000072c6b00000,0x00000072c6c00000)]
  0x000001ea25e05800 JavaThread "Chunk Batcher 1" daemon [_thread_blocked, id=12916, stack(0x00000072c7500000,0x00000072c7600000)]
  0x000001ea222bc800 JavaThread "update-system" daemon [_thread_blocked, id=10324, stack(0x00000072c7600000,0x00000072c7700000)]
  0x000001ea21726000 JavaThread "MessageBus-1" daemon [_thread_blocked, id=8060, stack(0x00000072c7700000,0x00000072c7800000)]
  0x000001ea21727000 JavaThread "MessageBus-2" daemon [_thread_blocked, id=14752, stack(0x00000072c7800000,0x00000072c7900000)]
  0x000001ea21725000 JavaThread "MessageBus-3" daemon [_thread_blocked, id=14352, stack(0x00000072c7900000,0x00000072c7a00000)]
  0x000001ea21724800 JavaThread "MessageBus-4" daemon [_thread_blocked, id=10200, stack(0x00000072c7a00000,0x00000072c7b00000)]
  0x000001ea21722000 JavaThread "LWJGL Timer" daemon [_thread_blocked, id=2448, stack(0x00000072c7c00000,0x00000072c7d00000)]
  0x000001ea21727800 JavaThread "Snooper Timer" daemon [_thread_blocked, id=11580, stack(0x00000072c4600000,0x00000072c4700000)]
  0x000001ea21728800 JavaThread "Server thread" [_thread_blocked, id=12464, stack(0x00000072c4700000,0x00000072c4800000)]
  0x000001ea25ac4800 JavaThread "Netty Server IO #0" daemon [_thread_blocked, id=12724, stack(0x00000072c5f00000,0x00000072c6000000)]
  0x000001ea25ac7000 JavaThread "Netty Local Client IO #0" daemon [_thread_blocked, id=12428, stack(0x00000072c6000000,0x00000072c6100000)]
  0x000001ea25ac6800 JavaThread "Netty Server IO #1" daemon [_thread_blocked, id=12344, stack(0x00000072c6500000,0x00000072c6600000)]
  0x000001ea25ac8000 JavaThread "File IO Thread" [_thread_blocked, id=10164, stack(0x00000072c6600000,0x00000072c6700000)]

Other Threads:
=>0x000001ea20b0d000 VMThread "VM Thread" [stack: 0x00000072c4e00000,0x00000072c4f00000] [id=11148]
  0x000001ea218d3000 WatcherThread [stack: 0x00000072c5c00000,0x00000072c5d00000] [id=11540]
  0x000001ea7ea9a000 GCTaskThread "GC Thread#0" [stack: 0x00000072c4900000,0x00000072c4a00000] [id=14084]
  0x000001ea221e3000 GCTaskThread "GC Thread#1" [stack: 0x00000072c5d00000,0x00000072c5e00000] [id=488]
  0x000001ea221bc800 GCTaskThread "GC Thread#2" [stack: 0x00000072c5e00000,0x00000072c5f00000] [id=12216]
  0x000001ea24e7f000 GCTaskThread "GC Thread#3" [stack: 0x00000072c7000000,0x00000072c7100000] [id=7228]
  0x000001ea2b182800 GCTaskThread "GC Thread#4" [stack: 0x00000072c7100000,0x00000072c7200000] [id=12780]
  0x000001ea22e24800 GCTaskThread "GC Thread#5" [stack: 0x00000072c7200000,0x00000072c7300000] [id=14932]
  0x000001ea2d90f000 GCTaskThread "GC Thread#6" [stack: 0x00000072c7300000,0x00000072c7400000] [id=4248]
  0x000001ea21cd9000 GCTaskThread "GC Thread#7" [stack: 0x00000072c7400000,0x00000072c7500000] [id=11628]
  0x000001ea7eace800 ConcurrentGCThread "G1 Main Marker" [stack: 0x00000072c4a00000,0x00000072c4b00000] [id=12900]
  0x000001ea7ead0000 ConcurrentGCThread "G1 Conc#0" [stack: 0x00000072c4b00000,0x00000072c4c00000] [id=10348]
  0x000001ea227d4000 ConcurrentGCThread "G1 Conc#1" [stack: 0x00000072c6100000,0x00000072c6200000] [id=12316]
  0x000001ea7eb5e000 ConcurrentGCThread "G1 Refine#0" [stack: 0x00000072c4c00000,0x00000072c4d00000] [id=14476]
  0x000001ea25955800 ConcurrentGCThread "G1 Refine#1" [stack: 0x00000072c7b00000,0x00000072c7c00000] [id=8200]
  0x000001ea20976800 ConcurrentGCThread "G1 Young RemSet Sampling" [stack: 0x00000072c4d00000,0x00000072c4e00000] [id=13680]

Threads with active compile tasks:

VM state:at safepoint (normal execution)

VM Mutex/Monitor currently owned by a thread:  ([mutex/lock_event])
[0x000001ea7ea7f140] Threads_lock - owner thread: 0x000001ea20b0d000
[0x000001ea7ea7f2f0] Heap_lock - owner thread: 0x000001ea7ea84000

Heap address: 0x0000000081600000, size: 2026 MB, Compressed Oops mode: 32-bit
Narrow klass base: 0x0000000000000000, Narrow klass shift: 3
Compressed class space size: 1073741824 Address: 0x0000000100000000

Heap:
 garbage-first heap   total 846848K, used 301526K [0x0000000081600000, 0x0000000100000000)
  region size 1024K, 1 young (1024K), 1 survivors (1024K)
 Metaspace       used 52231K, capacity 52739K, committed 53040K, reserved 1097728K
  class space    used 5255K, capacity 5416K, committed 5504K, reserved 1048576K
Heap Regions: E=young(eden), S=young(survivor), O=old, HS=humongous(starts), HC=humongous(continues), CS=collection set, F=free, A=archive, TAMS=top-at-mark-start (previous, next)
|   0|0x0000000081600000, 0x00000000816ffff8, 0x0000000081700000| 99%| O|  |TAMS 0x00000000816ffff8, 0x0000000081600000| Untracked 
|   1|0x0000000081700000, 0x0000000081800000, 0x0000000081800000|100%| O|  |TAMS 0x0000000081800000, 0x0000000081700000| Untracked 
|   2|0x0000000081800000, 0x0000000081900000, 0x0000000081900000|100%|HS|  |TAMS 0x0000000081900000, 0x0000000081800000| Complete 
|   3|0x0000000081900000, 0x0000000081a00000, 0x0000000081a00000|100%|HC|  |TAMS 0x0000000081a00000, 0x0000000081900000| Complete 
|   4|0x0000000081a00000, 0x0000000081b00000, 0x0000000081b00000|100%|HC|  |TAMS 0x0000000081b00000, 0x0000000081a00000| Complete 
|   5|0x0000000081b00000, 0x0000000081c00000, 0x0000000081c00000|100%|HC|  |TAMS 0x0000000081c00000, 0x0000000081b00000| Complete 
|   6|0x0000000081c00000, 0x0000000081d00000, 0x0000000081d00000|100%|HC|  |TAMS 0x0000000081d00000, 0x0000000081c00000| Complete 
|   7|0x0000000081d00000, 0x0000000081e00000, 0x0000000081e00000|100%|HC|  |TAMS 0x0000000081e00000, 0x0000000081d00000| Complete 
|   8|0x0000000081e00000, 0x0000000081f00000, 0x0000000081f00000|100%|HC|  |TAMS 0x0000000081f00000, 0x0000000081e00000| Complete 
|   9|0x0000000081f00000, 0x0000000082000000, 0x0000000082000000|100%|HC|  |TAMS 0x0000000082000000, 0x0000000081f00000| Complete 
|  10|0x0000000082000000, 0x0000000082100000, 0x0000000082100000|100%|HC|  |TAMS 0x0000000082100000, 0x0000000082000000| Complete 
|  11|0x0000000082100000, 0x0000000082200000, 0x0000000082200000|100%|HC|  |TAMS 0x0000000082200000, 0x0000000082100000| Complete 
|  12|0x0000000082200000, 0x0000000082300000, 0x0000000082300000|100%|HC|  |TAMS 0x0000000082300000, 0x0000000082200000| Complete 
|  13|0x0000000082300000, 0x00000000823ffff8, 0x0000000082400000| 99%| O|  |TAMS 0x00000000823ffff8, 0x0000000082300000| Untracked 
|  14|0x0000000082400000, 0x00000000824fffd8, 0x0000000082500000| 99%| O|  |TAMS 0x00000000824fffd8, 0x0000000082400000| Untracked 
|  15|0x0000000082500000, 0x00000000825ffff8, 0x0000000082600000| 99%| O|  |TAMS 0x00000000825ffff8, 0x0000000082500000| Untracked 
|  16|0x0000000082600000, 0x00000000826ffff0, 0x0000000082700000| 99%| O|  |TAMS 0x00000000826ffff0, 0x0000000082600000| Untracked 
|  17|0x0000000082700000, 0x0000000082800000, 0x0000000082800000|100%| O|  |TAMS 0x0000000082800000, 0x0000000082700000| Untracked 
|  18|0x0000000082800000, 0x00000000828ffff0, 0x0000000082900000| 99%| O|  |TAMS 0x00000000828ffff0, 0x0000000082800000| Untracked 
|  19|0x0000000082900000, 0x00000000829ffff0, 0x0000000082a00000| 99%| O|  |TAMS 0x00000000829ffff0, 0x0000000082900000| Untracked 
|  20|0x0000000082a00000, 0x0000000082b00000, 0x0000000082b00000|100%| O|  |TAMS 0x0000000082b00000, 0x0000000082a00000| Untracked 
|  21|0x0000000082b00000, 0x0000000082bffff0, 0x0000000082c00000| 99%| O|  |TAMS 0x0000000082bffff0, 0x0000000082b00000| Untracked 
|  22|0x0000000082c00000, 0x0000000082cffff0, 0x0000000082d00000| 99%| O|  |TAMS 0x0000000082cffff0, 0x0000000082c00000| Untracked 
|  23|0x0000000082d00000, 0x0000000082dffff8, 0x0000000082e00000| 99%| O|  |TAMS 0x0000000082dffff8, 0x0000000082d00000| Untracked 
|  24|0x0000000082e00000, 0x0000000082efffc8, 0x0000000082f00000| 99%| O|  |TAMS 0x0000000082efffc8, 0x0000000082e00000| Untracked 
|  25|0x0000000082f00000, 0x0000000083000000, 0x0000000083000000|100%| O|  |TAMS 0x0000000083000000, 0x0000000082f00000| Untracked 
|  26|0x0000000083000000, 0x00000000830ffff8, 0x0000000083100000| 99%| O|  |TAMS 0x00000000830ffff8, 0x0000000083000000| Untracked 
|  27|0x0000000083100000, 0x0000000083200000, 0x0000000083200000|100%| O|  |TAMS 0x0000000083200000, 0x0000000083100000| Untracked 
|  28|0x0000000083200000, 0x00000000832ffff8, 0x0000000083300000| 99%| O|  |TAMS 0x00000000832ffff8, 0x0000000083200000| Untracked 
|  29|0x0000000083300000, 0x0000000083400000, 0x0000000083400000|100%| O|  |TAMS 0x0000000083400000, 0x0000000083300000| Untracked 
|  30|0x0000000083400000, 0x00000000834ffff0, 0x0000000083500000| 99%| O|  |TAMS 0x00000000834ffff0, 0x0000000083400000| Untracked 
|  31|0x0000000083500000, 0x00000000835ffff8, 0x0000000083600000| 99%| O|  |TAMS 0x00000000835ffff8, 0x0000000083500000| Untracked 
|  32|0x0000000083600000, 0x0000000083700000, 0x0000000083700000|100%| O|  |TAMS 0x0000000083700000, 0x0000000083600000| Untracked 
|  33|0x0000000083700000, 0x00000000837fffe0, 0x0000000083800000| 99%| O|  |TAMS 0x00000000837fffe0, 0x0000000083700000| Untracked 
|  34|0x0000000083800000, 0x00000000838ffff8, 0x0000000083900000| 99%| O|  |TAMS 0x00000000838ffff8, 0x0000000083800000| Untracked 
|  35|0x0000000083900000, 0x00000000839fffe8, 0x0000000083a00000| 99%| O|  |TAMS 0x00000000839fffe8, 0x0000000083900000| Untracked 
|  36|0x0000000083a00000, 0x0000000083afffe0, 0x0000000083b00000| 99%| O|  |TAMS 0x0000000083afffe0, 0x0000000083a00000| Untracked 
|  37|0x0000000083b00000, 0x0000000083bfff88, 0x0000000083c00000| 99%| O|  |TAMS 0x0000000083bfff88, 0x0000000083b00000| Untracked 
|  38|0x0000000083c00000, 0x0000000083cfffd0, 0x0000000083d00000| 99%| O|  |TAMS 0x0000000083cfffd0, 0x0000000083c00000| Untracked 
|  39|0x0000000083d00000, 0x0000000083e00000, 0x0000000083e00000|100%| O|  |TAMS 0x0000000083e00000, 0x0000000083d00000| Untracked 
|  40|0x0000000083e00000, 0x0000000083effff0, 0x0000000083f00000| 99%| O|  |TAMS 0x0000000083effff0, 0x0000000083e00000| Untracked 
|  41|0x0000000083f00000, 0x0000000083fffff8, 0x0000000084000000| 99%| O|  |TAMS 0x0000000083fffff8, 0x0000000083f00000| Untracked 
|  42|0x0000000084000000, 0x00000000840fffc8, 0x0000000084100000| 99%| O|  |TAMS 0x00000000840fffc8, 0x0000000084000000| Untracked 
|  43|0x0000000084100000, 0x0000000084200000, 0x0000000084200000|100%|HS|  |TAMS 0x0000000084200000, 0x0000000084100000| Complete 
|  44|0x0000000084200000, 0x0000000084300000, 0x0000000084300000|100%|HC|  |TAMS 0x0000000084300000, 0x0000000084200000| Complete 
|  45|0x0000000084300000, 0x0000000084400000, 0x0000000084400000|100%|HC|  |TAMS 0x0000000084400000, 0x0000000084300000| Complete 
|  46|0x0000000084400000, 0x0000000084500000, 0x0000000084500000|100%|HC|  |TAMS 0x0000000084500000, 0x0000000084400000| Complete 
|  47|0x0000000084500000, 0x0000000084600000, 0x0000000084600000|100%|HC|  |TAMS 0x0000000084600000, 0x0000000084500000| Complete 
|  48|0x0000000084600000, 0x00000000846fffd0, 0x0000000084700000| 99%| O|  |TAMS 0x00000000846fffd0, 0x0000000084600000| Untracked 
|  49|0x0000000084700000, 0x00000000847fb2e8, 0x0000000084800000| 98%| O|  |TAMS 0x00000000847fb2e8, 0x0000000084700000| Untracked 
|  50|0x0000000084800000, 0x00000000848ffff8, 0x0000000084900000| 99%| O|  |TAMS 0x00000000848ffff8, 0x0000000084800000| Untracked 
|  51|0x0000000084900000, 0x00000000849fffc0, 0x0000000084a00000| 99%| O|  |TAMS 0x00000000849fffc0, 0x0000000084900000| Untracked 
|  52|0x0000000084a00000, 0x0000000084affff8, 0x0000000084b00000| 99%| O|  |TAMS 0x0000000084affff8, 0x0000000084a00000| Untracked 
|  53|0x0000000084b00000, 0x0000000084bfffd8, 0x0000000084c00000| 99%| O|  |TAMS 0x0000000084bfffd8, 0x0000000084b00000| Untracked 
|  54|0x0000000084c00000, 0x0000000084cfffe8, 0x0000000084d00000| 99%| O|  |TAMS 0x0000000084cfffe8, 0x0000000084c00000| Untracked 
|  55|0x0000000084d00000, 0x0000000084dffff8, 0x0000000084e00000| 99%| O|  |TAMS 0x0000000084dffff8, 0x0000000084d00000| Untracked 
|  56|0x0000000084e00000, 0x0000000084efffe8, 0x0000000084f00000| 99%| O|  |TAMS 0x0000000084efffe8, 0x0000000084e00000| Untracked 
|  57|0x0000000084f00000, 0x0000000084fffff0, 0x0000000085000000| 99%| O|  |TAMS 0x0000000084fffff0, 0x0000000084f00000| Untracked 
|  58|0x0000000085000000, 0x00000000850ffff0, 0x0000000085100000| 99%| O|  |TAMS 0x00000000850ffff0, 0x0000000085000000| Untracked 
|  59|0x0000000085100000, 0x0000000085200000, 0x0000000085200000|100%| O|  |TAMS 0x0000000085200000, 0x0000000085100000| Untracked 
|  60|0x0000000085200000, 0x00000000852ffff0, 0x0000000085300000| 99%| O|  |TAMS 0x00000000852ffff0, 0x0000000085200000| Untracked 
|  61|0x0000000085300000, 0x00000000853fffe8, 0x0000000085400000| 99%| O|  |TAMS 0x00000000853fffe8, 0x0000000085300000| Untracked 
|  62|0x0000000085400000, 0x00000000854fffe8, 0x0000000085500000| 99%| O|  |TAMS 0x00000000854fffe8, 0x0000000085400000| Untracked 
|  63|0x0000000085500000, 0x00000000855ffe58, 0x0000000085600000| 99%| O|  |TAMS 0x00000000855ffe58, 0x0000000085500000| Untracked 
|  64|0x0000000085600000, 0x00000000856ffff0, 0x0000000085700000| 99%| O|  |TAMS 0x00000000856ffff0, 0x0000000085600000| Untracked 
|  65|0x0000000085700000, 0x00000000857fffd0, 0x0000000085800000| 99%| O|  |TAMS 0x00000000857fffd0, 0x0000000085700000| Untracked 
|  66|0x0000000085800000, 0x00000000858ffed0, 0x0000000085900000| 99%| O|  |TAMS 0x00000000858ffed0, 0x0000000085800000| Untracked 
|  67|0x0000000085900000, 0x00000000859fed08, 0x0000000085a00000| 99%| O|  |TAMS 0x00000000859fed08, 0x0000000085900000| Untracked 
|  68|0x0000000085a00000, 0x0000000085affff0, 0x0000000085b00000| 99%| O|  |TAMS 0x0000000085affff0, 0x0000000085a00000| Untracked 
|  69|0x0000000085b00000, 0x0000000085bff840, 0x0000000085c00000| 99%| O|  |TAMS 0x0000000085bff840, 0x0000000085b00000| Untracked 
|  70|0x0000000085c00000, 0x0000000085d00000, 0x0000000085d00000|100%| O|  |TAMS 0x0000000085c00000, 0x0000000085c00000| Untracked 
|  71|0x0000000085d00000, 0x0000000085e00000, 0x0000000085e00000|100%| O|  |TAMS 0x0000000085d00000, 0x0000000085d00000| Untracked 
|  72|0x0000000085e00000, 0x0000000085f00000, 0x0000000085f00000|100%| O|  |TAMS 0x0000000085e00000, 0x0000000085e00000| Untracked 
|  73|0x0000000085f00000, 0x0000000086000000, 0x0000000086000000|100%| O|  |TAMS 0x0000000085f00000, 0x0000000085f00000| Untracked 
|  74|0x0000000086000000, 0x0000000086100000, 0x0000000086100000|100%| O|  |TAMS 0x0000000086000000, 0x0000000086000000| Untracked 
|  75|0x0000000086100000, 0x0000000086200000, 0x0000000086200000|100%| O|  |TAMS 0x0000000086100000, 0x0000000086100000| Untracked 
|  76|0x0000000086200000, 0x00000000862ffff8, 0x0000000086300000| 99%| O|  |TAMS 0x0000000086200000, 0x0000000086200000| Untracked 
|  77|0x0000000086300000, 0x0000000086400000, 0x0000000086400000|100%| O|  |TAMS 0x0000000086300000, 0x0000000086300000| Untracked 
|  78|0x0000000086400000, 0x00000000864ffff8, 0x0000000086500000| 99%| O|  |TAMS 0x00000000864ffff8, 0x0000000086400000| Untracked 
|  79|0x0000000086500000, 0x00000000865fef80, 0x0000000086600000| 99%| O|  |TAMS 0x00000000865fef80, 0x0000000086500000| Untracked 
|  80|0x0000000086600000, 0x00000000866ffff8, 0x0000000086700000| 99%| O|  |TAMS 0x00000000866ffff8, 0x0000000086600000| Untracked 
|  81|0x0000000086700000, 0x00000000867fffd8, 0x0000000086800000| 99%| O|  |TAMS 0x00000000867fffd8, 0x0000000086700000| Untracked 
|  82|0x0000000086800000, 0x0000000086900000, 0x0000000086900000|100%| O|  |TAMS 0x0000000086800000, 0x0000000086800000| Untracked 
|  83|0x0000000086900000, 0x00000000869ff8b8, 0x0000000086a00000| 99%| O|  |TAMS 0x00000000869ff8b8, 0x0000000086900000| Untracked 
|  84|0x0000000086a00000, 0x0000000086afffc0, 0x0000000086b00000| 99%| O|  |TAMS 0x0000000086afffc0, 0x0000000086a00000| Untracked 
|  85|0x0000000086b00000, 0x0000000086bff668, 0x0000000086c00000| 99%| O|  |TAMS 0x0000000086bff668, 0x0000000086b00000| Untracked 
|  86|0x0000000086c00000, 0x0000000086d00000, 0x0000000086d00000|100%| O|  |TAMS 0x0000000086c00000, 0x0000000086c00000| Untracked 
|  87|0x0000000086d00000, 0x0000000086dff8d8, 0x0000000086e00000| 99%| O|  |TAMS 0x0000000086dff8d8, 0x0000000086d00000| Untracked 
|  88|0x0000000086e00000, 0x0000000086efef58, 0x0000000086f00000| 99%| O|  |TAMS 0x0000000086efef58, 0x0000000086e00000| Untracked 
|  89|0x0000000086f00000, 0x0000000086fff608, 0x0000000087000000| 99%| O|  |TAMS 0x0000000086fff608, 0x0000000086f00000| Untracked 
|  90|0x0000000087000000, 0x0000000087100000, 0x0000000087100000|100%| O|  |TAMS 0x0000000087100000, 0x0000000087000000| Untracked 
|  91|0x0000000087100000, 0x00000000871ffff0, 0x0000000087200000| 99%| O|  |TAMS 0x00000000871ffff0, 0x0000000087100000| Untracked 
|  92|0x0000000087200000, 0x00000000872fef28, 0x0000000087300000| 99%| O|  |TAMS 0x00000000872fef28, 0x0000000087200000| Untracked 
|  93|0x0000000087300000, 0x0000000087400000, 0x0000000087400000|100%| O|  |TAMS 0x0000000087300000, 0x0000000087300000| Untracked 
|  94|0x0000000087400000, 0x0000000087500000, 0x0000000087500000|100%| O|  |TAMS 0x0000000087400000, 0x0000000087400000| Untracked 
|  95|0x0000000087500000, 0x0000000087600000, 0x0000000087600000|100%|HS|  |TAMS 0x0000000087600000, 0x0000000087500000| Complete 
|  96|0x0000000087600000, 0x0000000087700000, 0x0000000087700000|100%| O|  |TAMS 0x0000000087600000, 0x0000000087600000| Untracked 
|  97|0x0000000087700000, 0x0000000087800000, 0x0000000087800000|100%| O|  |TAMS 0x0000000087700000, 0x0000000087700000| Untracked 
|  98|0x0000000087800000, 0x00000000878ffac8, 0x0000000087900000| 99%| O|  |TAMS 0x00000000878ffac8, 0x0000000087800000| Untracked 
|  99|0x0000000087900000, 0x00000000879fffe8, 0x0000000087a00000| 99%| O|  |TAMS 0x00000000879fffe8, 0x0000000087900000| Untracked 
| 100|0x0000000087a00000, 0x0000000087b00000, 0x0000000087b00000|100%| O|  |TAMS 0x0000000087a00000, 0x0000000087a00000| Untracked 
| 101|0x0000000087b00000, 0x0000000087c00000, 0x0000000087c00000|100%| O|  |TAMS 0x0000000087b00000, 0x0000000087b00000| Untracked 
| 102|0x0000000087c00000, 0x0000000087d00000, 0x0000000087d00000|100%| O|  |TAMS 0x0000000087c00000, 0x0000000087c00000| Untracked 
| 103|0x0000000087d00000, 0x0000000087dffc20, 0x0000000087e00000| 99%| O|  |TAMS 0x0000000087dffc20, 0x0000000087d00000| Untracked 
| 104|0x0000000087e00000, 0x0000000087f00000, 0x0000000087f00000|100%| O|  |TAMS 0x0000000087e00000, 0x0000000087e00000| Untracked 
| 105|0x0000000087f00000, 0x0000000087ffe190, 0x0000000088000000| 99%| O|  |TAMS 0x0000000087ffe190, 0x0000000087f00000| Untracked 
| 106|0x0000000088000000, 0x00000000880fe470, 0x0000000088100000| 99%| O|  |TAMS 0x00000000880fe470, 0x0000000088000000| Untracked 
| 107|0x0000000088100000, 0x00000000881ffb78, 0x0000000088200000| 99%| O|  |TAMS 0x00000000881ffb78, 0x0000000088100000| Untracked 
| 108|0x0000000088200000, 0x0000000088300000, 0x0000000088300000|100%| O|  |TAMS 0x0000000088200000, 0x0000000088200000| Untracked 
| 109|0x0000000088300000, 0x0000000088400000, 0x0000000088400000|100%| O|  |TAMS 0x0000000088300000, 0x0000000088300000| Untracked 
| 110|0x0000000088400000, 0x0000000088500000, 0x0000000088500000|100%| O|  |TAMS 0x0000000088400000, 0x0000000088400000| Untracked 
| 111|0x0000000088500000, 0x0000000088600000, 0x0000000088600000|100%| O|  |TAMS 0x0000000088500000, 0x0000000088500000| Untracked 
| 112|0x0000000088600000, 0x0000000088700000, 0x0000000088700000|100%| O|  |TAMS 0x0000000088600000, 0x0000000088600000| Untracked 
| 113|0x0000000088700000, 0x0000000088800000, 0x0000000088800000|100%| O|  |TAMS 0x0000000088700000, 0x0000000088700000| Untracked 
| 114|0x0000000088800000, 0x0000000088900000, 0x0000000088900000|100%| O|  |TAMS 0x0000000088800000, 0x0000000088800000| Untracked 
| 115|0x0000000088900000, 0x0000000088a00000, 0x0000000088a00000|100%| O|  |TAMS 0x0000000088900000, 0x0000000088900000| Untracked 
| 116|0x0000000088a00000, 0x0000000088b00000, 0x0000000088b00000|100%| O|  |TAMS 0x0000000088a00000, 0x0000000088a00000| Untracked 
| 117|0x0000000088b00000, 0x0000000088c00000, 0x0000000088c00000|100%| O|  |TAMS 0x0000000088b00000, 0x0000000088b00000| Untracked 
| 118|0x0000000088c00000, 0x0000000088d00000, 0x0000000088d00000|100%| O|  |TAMS 0x0000000088c00000, 0x0000000088c00000| Untracked 
| 119|0x0000000088d00000, 0x0000000088dfff08, 0x0000000088e00000| 99%| O|  |TAMS 0x0000000088dfff08, 0x0000000088d00000| Untracked 
| 120|0x0000000088e00000, 0x0000000088effb08, 0x0000000088f00000| 99%| O|  |TAMS 0x0000000088effb08, 0x0000000088e00000| Untracked 
| 121|0x0000000088f00000, 0x0000000089000000, 0x0000000089000000|100%| O|  |TAMS 0x0000000089000000, 0x0000000088f00000| Untracked 
| 122|0x0000000089000000, 0x0000000089100000, 0x0000000089100000|100%| O|  |TAMS 0x0000000089100000, 0x0000000089000000| Untracked 
| 123|0x0000000089100000, 0x00000000891fffd0, 0x0000000089200000| 99%| O|  |TAMS 0x00000000891fffd0, 0x0000000089100000| Untracked 
| 124|0x0000000089200000, 0x00000000892ffb88, 0x0000000089300000| 99%| O|  |TAMS 0x00000000892ffb88, 0x0000000089200000| Untracked 
| 125|0x0000000089300000, 0x0000000089400000, 0x0000000089400000|100%| O|  |TAMS 0x0000000089300000, 0x0000000089300000| Untracked 
| 126|0x0000000089400000, 0x00000000894ffcc8, 0x0000000089500000| 99%| O|  |TAMS 0x00000000894ffcc8, 0x0000000089400000| Untracked 
| 127|0x0000000089500000, 0x00000000895fe768, 0x0000000089600000| 99%| O|  |TAMS 0x00000000895fe768, 0x0000000089500000| Untracked 
| 128|0x0000000089600000, 0x00000000896ffff8, 0x0000000089700000| 99%| O|  |TAMS 0x00000000896ffff8, 0x0000000089600000| Untracked 
| 129|0x0000000089700000, 0x00000000897fff98, 0x0000000089800000| 99%| O|  |TAMS 0x00000000897fff98, 0x0000000089700000| Untracked 
| 130|0x0000000089800000, 0x00000000898ffda0, 0x0000000089900000| 99%| O|  |TAMS 0x00000000898ffda0, 0x0000000089800000| Untracked 
| 131|0x0000000089900000, 0x0000000089a00000, 0x0000000089a00000|100%| O|  |TAMS 0x0000000089a00000, 0x0000000089900000| Untracked 
| 132|0x0000000089a00000, 0x0000000089b00000, 0x0000000089b00000|100%| O|  |TAMS 0x0000000089a00000, 0x0000000089a00000| Untracked 
| 133|0x0000000089b00000, 0x0000000089c00000, 0x0000000089c00000|100%| O|  |TAMS 0x0000000089b00000, 0x0000000089b00000| Untracked 
| 134|0x0000000089c00000, 0x0000000089d00000, 0x0000000089d00000|100%| O|  |TAMS 0x0000000089c00000, 0x0000000089c00000| Untracked 
| 135|0x0000000089d00000, 0x0000000089e00000, 0x0000000089e00000|100%| O|  |TAMS 0x0000000089d00000, 0x0000000089d00000| Untracked 
| 136|0x0000000089e00000, 0x0000000089f00000, 0x0000000089f00000|100%| O|  |TAMS 0x0000000089f00000, 0x0000000089e00000| Untracked 
| 137|0x0000000089f00000, 0x000000008a000000, 0x000000008a000000|100%| O|  |TAMS 0x000000008a000000, 0x0000000089f00000| Untracked 
| 138|0x000000008a000000, 0x000000008a100000, 0x000000008a100000|100%| O|  |TAMS 0x000000008a000000, 0x000000008a000000| Untracked 
| 139|0x000000008a100000, 0x000000008a200000, 0x000000008a200000|100%| O|  |TAMS 0x000000008a100000, 0x000000008a100000| Untracked 
| 140|0x000000008a200000, 0x000000008a300000, 0x000000008a300000|100%| O|  |TAMS 0x000000008a300000, 0x000000008a200000| Untracked 
| 141|0x000000008a300000, 0x000000008a400000, 0x000000008a400000|100%| O|  |TAMS 0x000000008a300000, 0x000000008a300000| Untracked 
| 142|0x000000008a400000, 0x000000008a500000, 0x000000008a500000|100%| O|  |TAMS 0x000000008a500000, 0x000000008a400000| Untracked 
| 143|0x000000008a500000, 0x000000008a600000, 0x000000008a600000|100%| O|  |TAMS 0x000000008a500000, 0x000000008a500000| Untracked 
| 144|0x000000008a600000, 0x000000008a700000, 0x000000008a700000|100%| O|  |TAMS 0x000000008a600000, 0x000000008a600000| Untracked 
| 145|0x000000008a700000, 0x000000008a800000, 0x000000008a800000|100%| O|  |TAMS 0x000000008a700000, 0x000000008a700000| Untracked 
| 146|0x000000008a800000, 0x000000008a900000, 0x000000008a900000|100%| O|  |TAMS 0x000000008a800000, 0x000000008a800000| Untracked 
| 147|0x000000008a900000, 0x000000008aa00000, 0x000000008aa00000|100%| O|  |TAMS 0x000000008aa00000, 0x000000008a900000| Untracked 
| 148|0x000000008aa00000, 0x000000008ab00000, 0x000000008ab00000|100%| O|  |TAMS 0x000000008aa00000, 0x000000008aa00000| Untracked 
| 149|0x000000008ab00000, 0x000000008ac00000, 0x000000008ac00000|100%| O|  |TAMS 0x000000008ac00000, 0x000000008ab00000| Untracked 
| 150|0x000000008ac00000, 0x000000008ad00000, 0x000000008ad00000|100%| O|  |TAMS 0x000000008ad00000, 0x000000008ac00000| Untracked 
| 151|0x000000008ad00000, 0x000000008ae00000, 0x000000008ae00000|100%| O|  |TAMS 0x000000008ae00000, 0x000000008ad00000| Untracked 
| 152|0x000000008ae00000, 0x000000008af00000, 0x000000008af00000|100%| O|  |TAMS 0x000000008af00000, 0x000000008ae00000| Untracked 
| 153|0x000000008af00000, 0x000000008b000000, 0x000000008b000000|100%| O|  |TAMS 0x000000008b000000, 0x000000008af00000| Untracked 
| 154|0x000000008b000000, 0x000000008b100000, 0x000000008b100000|100%| O|  |TAMS 0x000000008b100000, 0x000000008b000000| Untracked 
| 155|0x000000008b100000, 0x000000008b200000, 0x000000008b200000|100%| O|  |TAMS 0x000000008b100000, 0x000000008b100000| Untracked 
| 156|0x000000008b200000, 0x000000008b300000, 0x000000008b300000|100%| O|  |TAMS 0x000000008b300000, 0x000000008b200000| Untracked 
| 157|0x000000008b300000, 0x000000008b400000, 0x000000008b400000|100%| O|  |TAMS 0x000000008b300000, 0x000000008b300000| Untracked 
| 158|0x000000008b400000, 0x000000008b4ffc70, 0x000000008b500000| 99%| O|  |TAMS 0x000000008b4ffc70, 0x000000008b400000| Untracked 
| 159|0x000000008b500000, 0x000000008b600000, 0x000000008b600000|100%| O|  |TAMS 0x000000008b500000, 0x000000008b500000| Untracked 
| 160|0x000000008b600000, 0x000000008b700000, 0x000000008b700000|100%| O|  |TAMS 0x000000008b600000, 0x000000008b600000| Untracked 
| 161|0x000000008b700000, 0x000000008b800000, 0x000000008b800000|100%| O|  |TAMS 0x000000008b700000, 0x000000008b700000| Untracked 
| 162|0x000000008b800000, 0x000000008b900000, 0x000000008b900000|100%| O|  |TAMS 0x000000008b800000, 0x000000008b800000| Untracked 
| 163|0x000000008b900000, 0x000000008ba00000, 0x000000008ba00000|100%| O|  |TAMS 0x000000008b900000, 0x000000008b900000| Untracked 
| 164|0x000000008ba00000, 0x000000008bb00000, 0x000000008bb00000|100%| O|  |TAMS 0x000000008ba00000, 0x000000008ba00000| Untracked 
| 165|0x000000008bb00000, 0x000000008bc00000, 0x000000008bc00000|100%| O|  |TAMS 0x000000008bb00000, 0x000000008bb00000| Untracked 
| 166|0x000000008bc00000, 0x000000008bd00000, 0x000000008bd00000|100%| O|  |TAMS 0x000000008bd00000, 0x000000008bc00000| Untracked 
| 167|0x000000008bd00000, 0x000000008be00000, 0x000000008be00000|100%| O|  |TAMS 0x000000008bd00000, 0x000000008bd00000| Untracked 
| 168|0x000000008be00000, 0x000000008bf00000, 0x000000008bf00000|100%| O|  |TAMS 0x000000008bf00000, 0x000000008be00000| Untracked 
| 169|0x000000008bf00000, 0x000000008c000000, 0x000000008c000000|100%| O|  |TAMS 0x000000008bf00000, 0x000000008bf00000| Untracked 
| 170|0x000000008c000000, 0x000000008c100000, 0x000000008c100000|100%| O|  |TAMS 0x000000008c000000, 0x000000008c000000| Untracked 
| 171|0x000000008c100000, 0x000000008c200000, 0x000000008c200000|100%| O|  |TAMS 0x000000008c100000, 0x000000008c100000| Untracked 
| 172|0x000000008c200000, 0x000000008c300000, 0x000000008c300000|100%| O|  |TAMS 0x000000008c200000, 0x000000008c200000| Untracked 
| 173|0x000000008c300000, 0x000000008c400000, 0x000000008c400000|100%| O|  |TAMS 0x000000008c300000, 0x000000008c300000| Untracked 
| 174|0x000000008c400000, 0x000000008c500000, 0x000000008c500000|100%| O|  |TAMS 0x000000008c400000, 0x000000008c400000| Untracked 
| 175|0x000000008c500000, 0x000000008c600000, 0x000000008c600000|100%| O|  |TAMS 0x000000008c500000, 0x000000008c500000| Untracked 
| 176|0x000000008c600000, 0x000000008c700000, 0x000000008c700000|100%| O|  |TAMS 0x000000008c700000, 0x000000008c600000| Untracked 
| 177|0x000000008c700000, 0x000000008c800000, 0x000000008c800000|100%| O|  |TAMS 0x000000008c800000, 0x000000008c700000| Untracked 
| 178|0x000000008c800000, 0x000000008c900000, 0x000000008c900000|100%| O|  |TAMS 0x000000008c800000, 0x000000008c800000| Untracked 
| 179|0x000000008c900000, 0x000000008ca00000, 0x000000008ca00000|100%| O|  |TAMS 0x000000008c900000, 0x000000008c900000| Untracked 
| 180|0x000000008ca00000, 0x000000008cb00000, 0x000000008cb00000|100%| O|  |TAMS 0x000000008ca00000, 0x000000008ca00000| Untracked 
| 181|0x000000008cb00000, 0x000000008cc00000, 0x000000008cc00000|100%| O|  |TAMS 0x000000008cc00000, 0x000000008cb00000| Untracked 
| 182|0x000000008cc00000, 0x000000008cd00000, 0x000000008cd00000|100%| O|  |TAMS 0x000000008cc00000, 0x000000008cc00000| Untracked 
| 183|0x000000008cd00000, 0x000000008ce00000, 0x000000008ce00000|100%| O|  |TAMS 0x000000008cd00000, 0x000000008cd00000| Untracked 
| 184|0x000000008ce00000, 0x000000008cf00000, 0x000000008cf00000|100%| O|  |TAMS 0x000000008ce00000, 0x000000008ce00000| Untracked 
| 185|0x000000008cf00000, 0x000000008d000000, 0x000000008d000000|100%| O|  |TAMS 0x000000008cf00000, 0x000000008cf00000| Untracked 
| 186|0x000000008d000000, 0x000000008d100000, 0x000000008d100000|100%| O|  |TAMS 0x000000008d000000, 0x000000008d000000| Untracked 
| 187|0x000000008d100000, 0x000000008d200000, 0x000000008d200000|100%| O|  |TAMS 0x000000008d100000, 0x000000008d100000| Untracked 
| 188|0x000000008d200000, 0x000000008d300000, 0x000000008d300000|100%| O|  |TAMS 0x000000008d200000, 0x000000008d200000| Untracked 
| 189|0x000000008d300000, 0x000000008d400000, 0x000000008d400000|100%| O|  |TAMS 0x000000008d300000, 0x000000008d300000| Untracked 
| 190|0x000000008d400000, 0x000000008d500000, 0x000000008d500000|100%| O|  |TAMS 0x000000008d400000, 0x000000008d400000| Untracked 
| 191|0x000000008d500000, 0x000000008d600000, 0x000000008d600000|100%|HS|  |TAMS 0x000000008d500000, 0x000000008d500000| Complete 
| 192|0x000000008d600000, 0x000000008d700000, 0x000000008d700000|100%| O|  |TAMS 0x000000008d600000, 0x000000008d600000| Untracked 
| 193|0x000000008d700000, 0x000000008d800000, 0x000000008d800000|100%| O|  |TAMS 0x000000008d700000, 0x000000008d700000| Untracked 
| 194|0x000000008d800000, 0x000000008d900000, 0x000000008d900000|100%| O|  |TAMS 0x000000008d900000, 0x000000008d800000| Untracked 
| 195|0x000000008d900000, 0x000000008da00000, 0x000000008da00000|100%| O|  |TAMS 0x000000008d900000, 0x000000008d900000| Untracked 
| 196|0x000000008da00000, 0x000000008db00000, 0x000000008db00000|100%| O|  |TAMS 0x000000008db00000, 0x000000008da00000| Untracked 
| 197|0x000000008db00000, 0x000000008dc00000, 0x000000008dc00000|100%| O|  |TAMS 0x000000008db00000, 0x000000008db00000| Untracked 
| 198|0x000000008dc00000, 0x000000008dd00000, 0x000000008dd00000|100%| O|  |TAMS 0x000000008dd00000, 0x000000008dc00000| Untracked 
| 199|0x000000008dd00000, 0x000000008de00000, 0x000000008de00000|100%| O|  |TAMS 0x000000008dd00000, 0x000000008dd00000| Untracked 
| 200|0x000000008de00000, 0x000000008df00000, 0x000000008df00000|100%| O|  |TAMS 0x000000008de00000, 0x000000008de00000| Untracked 
| 201|0x000000008df00000, 0x000000008e000000, 0x000000008e000000|100%| O|  |TAMS 0x000000008df00000, 0x000000008df00000| Untracked 
| 202|0x000000008e000000, 0x000000008e100000, 0x000000008e100000|100%| O|  |TAMS 0x000000008e000000, 0x000000008e000000| Untracked 
| 203|0x000000008e100000, 0x000000008e1ffff0, 0x000000008e200000| 99%| O|  |TAMS 0x000000008e1ffff0, 0x000000008e100000| Untracked 
| 204|0x000000008e200000, 0x000000008e300000, 0x000000008e300000|100%| O|  |TAMS 0x000000008e200000, 0x000000008e200000| Untracked 
| 205|0x000000008e300000, 0x000000008e400000, 0x000000008e400000|100%| O|  |TAMS 0x000000008e300000, 0x000000008e300000| Untracked 
| 206|0x000000008e400000, 0x000000008e500000, 0x000000008e500000|100%| O|  |TAMS 0x000000008e400000, 0x000000008e400000| Untracked 
| 207|0x000000008e500000, 0x000000008e600000, 0x000000008e600000|100%| O|  |TAMS 0x000000008e500000, 0x000000008e500000| Untracked 
| 208|0x000000008e600000, 0x000000008e700000, 0x000000008e700000|100%| O|  |TAMS 0x000000008e600000, 0x000000008e600000| Untracked 
| 209|0x000000008e700000, 0x000000008e800000, 0x000000008e800000|100%| O|  |TAMS 0x000000008e700000, 0x000000008e700000| Untracked 
| 210|0x000000008e800000, 0x000000008e900000, 0x000000008e900000|100%| O|  |TAMS 0x000000008e800000, 0x000000008e800000| Untracked 
| 211|0x000000008e900000, 0x000000008ea00000, 0x000000008ea00000|100%| O|  |TAMS 0x000000008e900000, 0x000000008e900000| Untracked 
| 212|0x000000008ea00000, 0x000000008eb00000, 0x000000008eb00000|100%| O|  |TAMS 0x000000008ea00000, 0x000000008ea00000| Untracked 
| 213|0x000000008eb00000, 0x000000008ec00000, 0x000000008ec00000|100%| O|  |TAMS 0x000000008eb00000, 0x000000008eb00000| Untracked 
| 214|0x000000008ec00000, 0x000000008ed00000, 0x000000008ed00000|100%| O|  |TAMS 0x000000008ec00000, 0x000000008ec00000| Untracked 
| 215|0x000000008ed00000, 0x000000008ee00000, 0x000000008ee00000|100%| O|  |TAMS 0x000000008ed00000, 0x000000008ed00000| Untracked 
| 216|0x000000008ee00000, 0x000000008ef00000, 0x000000008ef00000|100%| O|  |TAMS 0x000000008ee00000, 0x000000008ee00000| Untracked 
| 217|0x000000008ef00000, 0x000000008f000000, 0x000000008f000000|100%| O|  |TAMS 0x000000008ef00000, 0x000000008ef00000| Untracked 
| 218|0x000000008f000000, 0x000000008f100000, 0x000000008f100000|100%| O|  |TAMS 0x000000008f000000, 0x000000008f000000| Untracked 
| 219|0x000000008f100000, 0x000000008f200000, 0x000000008f200000|100%| O|  |TAMS 0x000000008f100000, 0x000000008f100000| Untracked 
| 220|0x000000008f200000, 0x000000008f300000, 0x000000008f300000|100%| O|  |TAMS 0x000000008f200000, 0x000000008f200000| Untracked 
| 221|0x000000008f300000, 0x000000008f400000, 0x000000008f400000|100%| O|  |TAMS 0x000000008f300000, 0x000000008f300000| Untracked 
| 222|0x000000008f400000, 0x000000008f500000, 0x000000008f500000|100%| O|  |TAMS 0x000000008f400000, 0x000000008f400000| Untracked 
| 223|0x000000008f500000, 0x000000008f600000, 0x000000008f600000|100%| O|  |TAMS 0x000000008f500000, 0x000000008f500000| Untracked 
| 224|0x000000008f600000, 0x000000008f700000, 0x000000008f700000|100%| O|  |TAMS 0x000000008f600000, 0x000000008f600000| Untracked 
| 225|0x000000008f700000, 0x000000008f800000, 0x000000008f800000|100%| O|  |TAMS 0x000000008f700000, 0x000000008f700000| Untracked 
| 226|0x000000008f800000, 0x000000008f900000, 0x000000008f900000|100%| O|  |TAMS 0x000000008f800000, 0x000000008f800000| Untracked 
| 227|0x000000008f900000, 0x000000008fa00000, 0x000000008fa00000|100%| O|  |TAMS 0x000000008f900000, 0x000000008f900000| Untracked 
| 228|0x000000008fa00000, 0x000000008fb00000, 0x000000008fb00000|100%| O|  |TAMS 0x000000008fa00000, 0x000000008fa00000| Untracked 
| 229|0x000000008fb00000, 0x000000008fc00000, 0x000000008fc00000|100%| O|  |TAMS 0x000000008fb00000, 0x000000008fb00000| Untracked 
| 230|0x000000008fc00000, 0x000000008fd00000, 0x000000008fd00000|100%| O|  |TAMS 0x000000008fc00000, 0x000000008fc00000| Untracked 
| 231|0x000000008fd00000, 0x000000008fe00000, 0x000000008fe00000|100%| O|  |TAMS 0x000000008fd00000, 0x000000008fd00000| Untracked 
| 232|0x000000008fe00000, 0x000000008ff00000, 0x000000008ff00000|100%| O|  |TAMS 0x000000008fe00000, 0x000000008fe00000| Untracked 
| 233|0x000000008ff00000, 0x0000000090000000, 0x0000000090000000|100%| O|  |TAMS 0x000000008ff00000, 0x000000008ff00000| Untracked 
| 234|0x0000000090000000, 0x0000000090100000, 0x0000000090100000|100%| O|  |TAMS 0x0000000090000000, 0x0000000090000000| Untracked 
| 235|0x0000000090100000, 0x0000000090200000, 0x0000000090200000|100%| O|  |TAMS 0x0000000090100000, 0x0000000090100000| Untracked 
| 236|0x0000000090200000, 0x0000000090300000, 0x0000000090300000|100%| O|  |TAMS 0x0000000090200000, 0x0000000090200000| Untracked 
| 237|0x0000000090300000, 0x0000000090400000, 0x0000000090400000|100%| O|  |TAMS 0x0000000090300000, 0x0000000090300000| Untracked 
| 238|0x0000000090400000, 0x0000000090500000, 0x0000000090500000|100%| O|  |TAMS 0x0000000090400000, 0x0000000090400000| Untracked 
| 239|0x0000000090500000, 0x0000000090600000, 0x0000000090600000|100%| O|  |TAMS 0x0000000090500000, 0x0000000090500000| Untracked 
| 240|0x0000000090600000, 0x0000000090700000, 0x0000000090700000|100%| O|  |TAMS 0x0000000090600000, 0x0000000090600000| Untracked 
| 241|0x0000000090700000, 0x0000000090800000, 0x0000000090800000|100%| O|  |TAMS 0x0000000090700000, 0x0000000090700000| Untracked 
| 242|0x0000000090800000, 0x0000000090900000, 0x0000000090900000|100%| O|  |TAMS 0x0000000090800000, 0x0000000090800000| Untracked 
| 243|0x0000000090900000, 0x0000000090a00000, 0x0000000090a00000|100%| O|  |TAMS 0x0000000090900000, 0x0000000090900000| Untracked 
| 244|0x0000000090a00000, 0x0000000090b00000, 0x0000000090b00000|100%| O|  |TAMS 0x0000000090a00000, 0x0000000090a00000| Untracked 
| 245|0x0000000090b00000, 0x0000000090c00000, 0x0000000090c00000|100%| O|  |TAMS 0x0000000090b00000, 0x0000000090b00000| Untracked 
| 246|0x0000000090c00000, 0x0000000090d00000, 0x0000000090d00000|100%| O|  |TAMS 0x0000000090c00000, 0x0000000090c00000| Untracked 
| 247|0x0000000090d00000, 0x0000000090e00000, 0x0000000090e00000|100%| O|  |TAMS 0x0000000090e00000, 0x0000000090d00000| Untracked 
| 248|0x0000000090e00000, 0x0000000090f00000, 0x0000000090f00000|100%| O|  |TAMS 0x0000000090f00000, 0x0000000090e00000| Untracked 
| 249|0x0000000090f00000, 0x0000000091000000, 0x0000000091000000|100%| O|  |TAMS 0x0000000091000000, 0x0000000090f00000| Untracked 
| 250|0x0000000091000000, 0x0000000091100000, 0x0000000091100000|100%| O|  |TAMS 0x0000000091100000, 0x0000000091000000| Untracked 
| 251|0x0000000091100000, 0x0000000091200000, 0x0000000091200000|100%| O|  |TAMS 0x0000000091100000, 0x0000000091100000| Untracked 
| 252|0x0000000091200000, 0x0000000091300000, 0x0000000091300000|100%| O|  |TAMS 0x0000000091200000, 0x0000000091200000| Untracked 
| 253|0x0000000091300000, 0x0000000091400000, 0x0000000091400000|100%| O|  |TAMS 0x0000000091300000, 0x0000000091300000| Untracked 
| 254|0x0000000091400000, 0x0000000091500000, 0x0000000091500000|100%| O|  |TAMS 0x0000000091400000, 0x0000000091400000| Untracked 
| 255|0x0000000091500000, 0x0000000091600000, 0x0000000091600000|100%| O|  |TAMS 0x0000000091600000, 0x0000000091500000| Untracked 
| 256|0x0000000091600000, 0x0000000091700000, 0x0000000091700000|100%| O|  |TAMS 0x0000000091600000, 0x0000000091600000| Untracked 
| 257|0x0000000091700000, 0x0000000091800000, 0x0000000091800000|100%| O|  |TAMS 0x0000000091700000, 0x0000000091700000| Untracked 
| 258|0x0000000091800000, 0x0000000091900000, 0x0000000091900000|100%| O|  |TAMS 0x0000000091800000, 0x0000000091800000| Untracked 
| 259|0x0000000091900000, 0x0000000091a00000, 0x0000000091a00000|100%| O|  |TAMS 0x0000000091900000, 0x0000000091900000| Untracked 
| 260|0x0000000091a00000, 0x0000000091b00000, 0x0000000091b00000|100%| O|  |TAMS 0x0000000091a00000, 0x0000000091a00000| Untracked 
| 261|0x0000000091b00000, 0x0000000091c00000, 0x0000000091c00000|100%| O|  |TAMS 0x0000000091b00000, 0x0000000091b00000| Untracked 
| 262|0x0000000091c00000, 0x0000000091d00000, 0x0000000091d00000|100%| O|  |TAMS 0x0000000091d00000, 0x0000000091c00000| Untracked 
| 263|0x0000000091d00000, 0x0000000091e00000, 0x0000000091e00000|100%| O|  |TAMS 0x0000000091d00000, 0x0000000091d00000| Untracked 
| 264|0x0000000091e00000, 0x0000000091f00000, 0x0000000091f00000|100%| O|  |TAMS 0x0000000091e00000, 0x0000000091e00000| Untracked 
| 265|0x0000000091f00000, 0x0000000092000000, 0x0000000092000000|100%| O|  |TAMS 0x0000000091f00000, 0x0000000091f00000| Untracked 
| 266|0x0000000092000000, 0x0000000092100000, 0x0000000092100000|100%| O|  |TAMS 0x0000000092000000, 0x0000000092000000| Untracked 
| 267|0x0000000092100000, 0x0000000092200000, 0x0000000092200000|100%| O|  |TAMS 0x0000000092100000, 0x0000000092100000| Untracked 
| 268|0x0000000092200000, 0x0000000092300000, 0x0000000092300000|100%| O|  |TAMS 0x0000000092300000, 0x0000000092200000| Untracked 
| 269|0x0000000092300000, 0x0000000092400000, 0x0000000092400000|100%| O|  |TAMS 0x0000000092300000, 0x0000000092300000| Untracked 
| 270|0x0000000092400000, 0x0000000092500000, 0x0000000092500000|100%| O|  |TAMS 0x0000000092400000, 0x0000000092400000| Untracked 
| 271|0x0000000092500000, 0x0000000092600000, 0x0000000092600000|100%| O|  |TAMS 0x0000000092600000, 0x0000000092500000| Untracked 
| 272|0x0000000092600000, 0x0000000092700000, 0x0000000092700000|100%| O|  |TAMS 0x0000000092700000, 0x0000000092600000| Untracked 
| 273|0x0000000092700000, 0x0000000092800000, 0x0000000092800000|100%| O|  |TAMS 0x0000000092800000, 0x0000000092700000| Untracked 
| 274|0x0000000092800000, 0x0000000092900000, 0x0000000092900000|100%| O|  |TAMS 0x0000000092800000, 0x0000000092800000| Untracked 
| 275|0x0000000092900000, 0x0000000092a00000, 0x0000000092a00000|100%| O|  |TAMS 0x0000000092900000, 0x0000000092900000| Untracked 
| 276|0x0000000092a00000, 0x0000000092b00000, 0x0000000092b00000|100%| O|  |TAMS 0x0000000092b00000, 0x0000000092a00000| Untracked 
| 277|0x0000000092b00000, 0x0000000092c00000, 0x0000000092c00000|100%| O|  |TAMS 0x0000000092b00000, 0x0000000092b00000| Untracked 
| 278|0x0000000092c00000, 0x0000000092d00000, 0x0000000092d00000|100%| O|  |TAMS 0x0000000092d00000, 0x0000000092c00000| Untracked 
| 279|0x0000000092d00000, 0x0000000092e00000, 0x0000000092e00000|100%| O|  |TAMS 0x0000000092e00000, 0x0000000092d00000| Untracked 
| 280|0x0000000092e00000, 0x0000000092f00000, 0x0000000092f00000|100%| O|  |TAMS 0x0000000092e00000, 0x0000000092e00000| Untracked 
| 281|0x0000000092f00000, 0x0000000093000000, 0x0000000093000000|100%| O|  |TAMS 0x0000000093000000, 0x0000000092f00000| Untracked 
| 282|0x0000000093000000, 0x0000000093100000, 0x0000000093100000|100%| O|  |TAMS 0x0000000093100000, 0x0000000093000000| Untracked 
| 283|0x0000000093100000, 0x0000000093200000, 0x0000000093200000|100%| O|  |TAMS 0x0000000093100000, 0x0000000093100000| Untracked 
| 284|0x0000000093200000, 0x0000000093300000, 0x0000000093300000|100%| O|  |TAMS 0x0000000093300000, 0x0000000093200000| Untracked 
| 285|0x0000000093300000, 0x0000000093400000, 0x0000000093400000|100%| O|  |TAMS 0x0000000093300000, 0x0000000093300000| Untracked 
| 286|0x0000000093400000, 0x00000000934a4400, 0x0000000093500000| 64%| O|  |TAMS 0x0000000093400000, 0x0000000093400000| Untracked 
| 287|0x0000000093500000, 0x0000000093500000, 0x0000000093600000|  0%| F|  |TAMS 0x0000000093500000, 0x0000000093500000| Untracked 
| 288|0x0000000093600000, 0x0000000093700000, 0x0000000093700000|100%| O|  |TAMS 0x0000000093700000, 0x0000000093600000| Untracked 
| 289|0x0000000093700000, 0x0000000093700000, 0x0000000093800000|  0%| F|  |TAMS 0x0000000093700000, 0x0000000093700000| Untracked 
| 290|0x0000000093800000, 0x0000000093800000, 0x0000000093900000|  0%| F|  |TAMS 0x0000000093800000, 0x0000000093800000| Untracked 
| 291|0x0000000093900000, 0x0000000093a00000, 0x0000000093a00000|100%| O|  |TAMS 0x0000000093a00000, 0x0000000093900000| Untracked 
| 292|0x0000000093a00000, 0x0000000093b00000, 0x0000000093b00000|100%| O|  |TAMS 0x0000000093b00000, 0x0000000093a00000| Untracked 
| 293|0x0000000093b00000, 0x0000000093c00000, 0x0000000093c00000|100%| O|  |TAMS 0x0000000093c00000, 0x0000000093b00000| Untracked 
| 294|0x0000000093c00000, 0x0000000093d00000, 0x0000000093d00000|100%| O|  |TAMS 0x0000000093d00000, 0x0000000093c00000| Untracked 
| 295|0x0000000093d00000, 0x0000000093e00000, 0x0000000093e00000|100%| O|  |TAMS 0x0000000093e00000, 0x0000000093d00000| Untracked 
| 296|0x0000000093e00000, 0x0000000093f00000, 0x0000000093f00000|100%| O|  |TAMS 0x0000000093e23c00, 0x0000000093e00000| Untracked 
| 297|0x0000000093f00000, 0x0000000093f00000, 0x0000000094000000|  0%| F|  |TAMS 0x0000000093f00000, 0x0000000093f00000| Untracked 
| 298|0x0000000094000000, 0x0000000094000000, 0x0000000094100000|  0%| F|  |TAMS 0x0000000094000000, 0x0000000094000000| Untracked 
| 299|0x0000000094100000, 0x0000000094100000, 0x0000000094200000|  0%| F|  |TAMS 0x0000000094100000, 0x0000000094100000| Untracked 
| 300|0x0000000094200000, 0x0000000094200000, 0x0000000094300000|  0%| F|  |TAMS 0x0000000094200000, 0x0000000094200000| Untracked 
| 301|0x0000000094300000, 0x0000000094300000, 0x0000000094400000|  0%| F|  |TAMS 0x0000000094300000, 0x0000000094300000| Untracked 
| 302|0x0000000094400000, 0x0000000094400000, 0x0000000094500000|  0%| F|  |TAMS 0x0000000094400000, 0x0000000094400000| Untracked 
| 303|0x0000000094500000, 0x0000000094500000, 0x0000000094600000|  0%| F|  |TAMS 0x0000000094500000, 0x0000000094500000| Untracked 
| 304|0x0000000094600000, 0x0000000094600000, 0x0000000094700000|  0%| F|  |TAMS 0x0000000094600000, 0x0000000094600000| Untracked 
| 305|0x0000000094700000, 0x0000000094700000, 0x0000000094800000|  0%| F|  |TAMS 0x0000000094700000, 0x0000000094700000| Untracked 
| 306|0x0000000094800000, 0x0000000094800000, 0x0000000094900000|  0%| F|  |TAMS 0x0000000094800000, 0x0000000094800000| Untracked 
| 307|0x0000000094900000, 0x0000000094900000, 0x0000000094a00000|  0%| F|  |TAMS 0x0000000094900000, 0x0000000094900000| Untracked 
| 308|0x0000000094a00000, 0x0000000094a00000, 0x0000000094b00000|  0%| F|  |TAMS 0x0000000094a00000, 0x0000000094a00000| Untracked 
| 309|0x0000000094b00000, 0x0000000094b00000, 0x0000000094c00000|  0%| F|  |TAMS 0x0000000094b00000, 0x0000000094b00000| Untracked 
| 310|0x0000000094c00000, 0x0000000094c00000, 0x0000000094d00000|  0%| F|  |TAMS 0x0000000094c00000, 0x0000000094c00000| Untracked 
| 311|0x0000000094d00000, 0x0000000094d00000, 0x0000000094e00000|  0%| F|  |TAMS 0x0000000094d00000, 0x0000000094d00000| Untracked 
| 312|0x0000000094e00000, 0x0000000094e00000, 0x0000000094f00000|  0%| F|  |TAMS 0x0000000094e00000, 0x0000000094e00000| Untracked 
| 313|0x0000000094f00000, 0x0000000094f00000, 0x0000000095000000|  0%| F|  |TAMS 0x0000000094f00000, 0x0000000094f00000| Untracked 
| 314|0x0000000095000000, 0x0000000095000000, 0x0000000095100000|  0%| F|  |TAMS 0x0000000095000000, 0x0000000095000000| Untracked 
| 315|0x0000000095100000, 0x0000000095100000, 0x0000000095200000|  0%| F|  |TAMS 0x0000000095100000, 0x0000000095100000| Untracked 
| 316|0x0000000095200000, 0x0000000095200000, 0x0000000095300000|  0%| F|  |TAMS 0x0000000095200000, 0x0000000095200000| Untracked 
| 317|0x0000000095300000, 0x0000000095300000, 0x0000000095400000|  0%| F|  |TAMS 0x0000000095300000, 0x0000000095300000| Untracked 
| 318|0x0000000095400000, 0x0000000095400000, 0x0000000095500000|  0%| F|  |TAMS 0x0000000095400000, 0x0000000095400000| Untracked 
| 319|0x0000000095500000, 0x0000000095500000, 0x0000000095600000|  0%| F|  |TAMS 0x0000000095500000, 0x0000000095500000| Untracked 
| 320|0x0000000095600000, 0x0000000095600000, 0x0000000095700000|  0%| F|  |TAMS 0x0000000095600000, 0x0000000095600000| Untracked 
| 321|0x0000000095700000, 0x0000000095700000, 0x0000000095800000|  0%| F|  |TAMS 0x0000000095700000, 0x0000000095700000| Untracked 
| 322|0x0000000095800000, 0x0000000095800000, 0x0000000095900000|  0%| F|  |TAMS 0x0000000095800000, 0x0000000095800000| Untracked 
| 323|0x0000000095900000, 0x0000000095900000, 0x0000000095a00000|  0%| F|  |TAMS 0x0000000095900000, 0x0000000095900000| Untracked 
| 324|0x0000000095a00000, 0x0000000095a00000, 0x0000000095b00000|  0%| F|  |TAMS 0x0000000095a00000, 0x0000000095a00000| Untracked 
| 325|0x0000000095b00000, 0x0000000095b00000, 0x0000000095c00000|  0%| F|  |TAMS 0x0000000095b00000, 0x0000000095b00000| Untracked 
| 326|0x0000000095c00000, 0x0000000095ce4db0, 0x0000000095d00000| 89%| S|CS|TAMS 0x0000000095c00000, 0x0000000095c00000| Complete 
| 327|0x0000000095d00000, 0x0000000095d00000, 0x0000000095e00000|  0%| F|  |TAMS 0x0000000095d00000, 0x0000000095d00000| Untracked 
| 328|0x0000000095e00000, 0x0000000095e00000, 0x0000000095f00000|  0%| F|  |TAMS 0x0000000095e00000, 0x0000000095e00000| Untracked 
| 329|0x0000000095f00000, 0x0000000095f00000, 0x0000000096000000|  0%| F|  |TAMS 0x0000000095f00000, 0x0000000095f00000| Untracked 
| 330|0x0000000096000000, 0x0000000096000000, 0x0000000096100000|  0%| F|  |TAMS 0x0000000096000000, 0x0000000096000000| Untracked 
| 331|0x0000000096100000, 0x0000000096100000, 0x0000000096200000|  0%| F|  |TAMS 0x0000000096100000, 0x0000000096100000| Untracked 
| 332|0x0000000096200000, 0x0000000096200000, 0x0000000096300000|  0%| F|  |TAMS 0x0000000096200000, 0x0000000096200000| Untracked 
| 333|0x0000000096300000, 0x0000000096300000, 0x0000000096400000|  0%| F|  |TAMS 0x0000000096300000, 0x0000000096300000| Untracked 
| 334|0x0000000096400000, 0x0000000096400000, 0x0000000096500000|  0%| F|  |TAMS 0x0000000096400000, 0x0000000096400000| Untracked 
| 335|0x0000000096500000, 0x0000000096500000, 0x0000000096600000|  0%| F|  |TAMS 0x0000000096500000, 0x0000000096500000| Untracked 
| 336|0x0000000096600000, 0x0000000096600000, 0x0000000096700000|  0%| F|  |TAMS 0x0000000096600000, 0x0000000096600000| Untracked 
| 337|0x0000000096700000, 0x0000000096700000, 0x0000000096800000|  0%| F|  |TAMS 0x0000000096700000, 0x0000000096700000| Untracked 
| 338|0x0000000096800000, 0x0000000096800000, 0x0000000096900000|  0%| F|  |TAMS 0x0000000096800000, 0x0000000096800000| Untracked 
| 339|0x0000000096900000, 0x0000000096900000, 0x0000000096a00000|  0%| F|  |TAMS 0x0000000096900000, 0x0000000096900000| Untracked 
| 340|0x0000000096a00000, 0x0000000096a00000, 0x0000000096b00000|  0%| F|  |TAMS 0x0000000096a00000, 0x0000000096a00000| Untracked 
| 341|0x0000000096b00000, 0x0000000096b00000, 0x0000000096c00000|  0%| F|  |TAMS 0x0000000096b00000, 0x0000000096b00000| Untracked 
| 342|0x0000000096c00000, 0x0000000096c00000, 0x0000000096d00000|  0%| F|  |TAMS 0x0000000096c00000, 0x0000000096c00000| Untracked 

Card table byte_map: [0x000001ea198f0000,0x000001ea19cf0000] _byte_map_base: 0x000001ea194e5000

Marking Bits (Prev, Next): (CMBitMap*) 0x000001ea7eac4cf8, (CMBitMap*) 0x000001ea7eac4d30
 Prev Bits: [0x000001ea1a0f0000, 0x000001ea1c098000)
 Next Bits: [0x000001ea1c0a0000, 0x000001ea1e048000)

Polling page: 0x000001ea01410000

Metaspace:

Usage:
  Non-class:     46.21 MB capacity,    45.87 MB (>99%) used,   270.05 KB ( <1%) free+waste,    77.00 KB ( <1%) overhead. 
      Class:      5.29 MB capacity,     5.13 MB ( 97%) used,   131.55 KB (  2%) free+waste,    29.00 KB ( <1%) overhead. 
       Both:     51.50 MB capacity,    51.01 MB (>99%) used,   401.59 KB ( <1%) free+waste,   106.00 KB ( <1%) overhead. 

Virtual space:
  Non-class space:       48.00 MB reserved,      46.42 MB ( 97%) committed 
      Class space:        1.00 GB reserved,       5.38 MB ( <1%) committed 
             Both:        1.05 GB reserved,      51.80 MB (  5%) committed 

Chunk freelists:
   Non-Class:  149.00 KB
       Class:  71.00 KB
        Both:  220.00 KB

MaxMetaspaceSize: 17179869184.00 GB
CompressedClassSpaceSize: 1.00 GB
Initial GC threshold: 20.80 MB
Current GC threshold: 86.33 MB
CDS: off

CodeHeap 'non-profiled nmethods': size=120000Kb used=20770Kb max_used=20899Kb free=99229Kb
 bounds [0x000001ea11550000, 0x000001ea129d0000, 0x000001ea18a80000]
CodeHeap 'profiled nmethods': size=120000Kb used=20491Kb max_used=22592Kb free=99508Kb
 bounds [0x000001ea0a020000, 0x000001ea0b740000, 0x000001ea11550000]
CodeHeap 'non-nmethods': size=5760Kb used=1600Kb max_used=1735Kb free=4159Kb
 bounds [0x000001ea09a80000, 0x000001ea09cf0000, 0x000001ea0a020000]
 total_blobs=10570 nmethods=9681 adapters=807
 compilation: enabled
              stopped_count=0, restarted_count=0
 full_count=0

Compilation events (20 events):
Event: 4137.729 Thread 0x000001ea20b4f000 14032       4       net.minecraft.entity.ai.EntityAITarget::isSuitableTarget (100 bytes)
Event: 4138.034 Thread 0x000001ea20b4f000 nmethod 14032 0x000001ea12791390 code [0x000001ea127915e0, 0x000001ea127922e8]
Event: 4138.975 Thread 0x000001ea214bc000 14033       3       me.kansio.client.gui.clickgui.ui.clickgui.frame.components.FrameModule::drawScreen (478 bytes)
Event: 4138.998 Thread 0x000001ea20b4f000 14034       4       me.kansio.client.gui.clickgui.utils.render.animation.easings.Animate::clamp (22 bytes)
Event: 4139.008 Thread 0x000001ea20b4f000 nmethod 14034 0x000001ea12791090 code [0x000001ea12791220, 0x000001ea127912d8]
Event: 4139.031 Thread 0x000001ea214bc000 nmethod 14033 0x000001ea0b05c190 code [0x000001ea0b05c5e0, 0x000001ea0b05f2c8]
Event: 4139.031 Thread 0x000001ea214bc000 14035       3       me.kansio.client.gui.clickgui.utils.render.animation.easings.Animate::update (127 bytes)
Event: 4139.032 Thread 0x000001ea214bc000 nmethod 14035 0x000001ea0b413110 code [0x000001ea0b413320, 0x000001ea0b4137c8]
Event: 4139.411 Thread 0x000001ea20b4f000 14036       4       me.kansio.client.gui.clickgui.utils.render.animation.easings.Easing$$Lambda$125/0x0000000100540840::ease (9 bytes)
Event: 4139.435 Thread 0x000001ea20b4f000 nmethod 14036 0x000001ea12790d90 code [0x000001ea12790f20, 0x000001ea12790f98]
Event: 4141.279 Thread 0x000001ea20b4f000 14037       4       me.kansio.client.gui.clickgui.ui.clickgui.frame.components.FrameModule::drawScreen (478 bytes)
Event: 4141.286 Thread 0x000001ea214bc000 14038       3       net.minecraft.client.renderer.ItemRenderer::updateEquippedItem (237 bytes)
Event: 4141.498 Thread 0x000001ea214bc000 nmethod 14038 0x000001ea0ab26b90 code [0x000001ea0ab26ea0, 0x000001ea0ab280f8]
Event: 4141.908 Thread 0x000001ea20b4f000 nmethod 14037 0x000001ea1278ed10 code [0x000001ea1278efe0, 0x000001ea12790190]
Event: 4141.909 Thread 0x000001ea20b4f000 14039       4       me.kansio.client.gui.clickgui.utils.render.animation.easings.Animate::update (127 bytes)
Event: 4141.912 Thread 0x000001ea20b4f000 nmethod 14039 0x000001ea1278e810 code [0x000001ea1278e9e0, 0x000001ea1278eb98]
Event: 4142.376 Thread 0x000001ea214bc000 14040       1       org.lwjgl.input.Keyboard$KeyEvent::access$500 (5 bytes)
Event: 4142.376 Thread 0x000001ea214bc000 nmethod 14040 0x000001ea1278e510 code [0x000001ea1278e6c0, 0x000001ea1278e758]
Event: 4142.377 Thread 0x000001ea214bc000 14041       3       net.minecraft.client.Minecraft::setIngameFocus (41 bytes)
Event: 4142.377 Thread 0x000001ea214bc000 nmethod 14041 0x000001ea0a1cbc90 code [0x000001ea0a1cbe80, 0x000001ea0a1cc128]

GC Heap History (20 events):
Event: 4137.987 GC heap after
{Heap after GC invocations=1754 (full 3):
 garbage-first heap   total 351232K, used 301394K [0x0000000081600000, 0x0000000100000000)
  region size 1024K, 2 young (2048K), 2 survivors (2048K)
 Metaspace       used 52229K, capacity 52739K, committed 53040K, reserved 1097728K
  class space    used 5255K, capacity 5416K, committed 5504K, reserved 1048576K
}
Event: 4138.339 GC heap before
{Heap before GC invocations=1754 (full 3):
 garbage-first heap   total 351232K, used 316754K [0x0000000081600000, 0x0000000100000000)
  region size 1024K, 17 young (17408K), 2 survivors (2048K)
 Metaspace       used 52229K, capacity 52739K, committed 53040K, reserved 1097728K
  class space    used 5255K, capacity 5416K, committed 5504K, reserved 1048576K
}
Event: 4138.341 GC heap after
{Heap after GC invocations=1755 (full 3):
 garbage-first heap   total 351232K, used 301441K [0x0000000081600000, 0x0000000100000000)
  region size 1024K, 2 young (2048K), 2 survivors (2048K)
 Metaspace       used 52229K, capacity 52739K, committed 53040K, reserved 1097728K
  class space    used 5255K, capacity 5416K, committed 5504K, reserved 1048576K
}
Event: 4138.690 GC heap before
{Heap before GC invocations=1755 (full 3):
 garbage-first heap   total 351232K, used 315777K [0x0000000081600000, 0x0000000100000000)
  region size 1024K, 17 young (17408K), 2 survivors (2048K)
 Metaspace       used 52229K, capacity 52739K, committed 53040K, reserved 1097728K
  class space    used 5255K, capacity 5416K, committed 5504K, reserved 1048576K
}
Event: 4138.713 GC heap after
{Heap after GC invocations=1756 (full 3):
 garbage-first heap   total 351232K, used 301424K [0x0000000081600000, 0x0000000100000000)
  region size 1024K, 2 young (2048K), 2 survivors (2048K)
 Metaspace       used 52229K, capacity 52739K, committed 53040K, reserved 1097728K
  class space    used 5255K, capacity 5416K, committed 5504K, reserved 1048576K
}
Event: 4139.129 GC heap before
{Heap before GC invocations=1756 (full 3):
 garbage-first heap   total 351232K, used 315760K [0x0000000081600000, 0x0000000100000000)
  region size 1024K, 17 young (17408K), 2 survivors (2048K)
 Metaspace       used 52229K, capacity 52739K, committed 53040K, reserved 1097728K
  class space    used 5255K, capacity 5416K, committed 5504K, reserved 1048576K
}
Event: 4139.130 GC heap after
{Heap after GC invocations=1757 (full 3):
 garbage-first heap   total 351232K, used 301428K [0x0000000081600000, 0x0000000100000000)
  region size 1024K, 2 young (2048K), 2 survivors (2048K)
 Metaspace       used 52229K, capacity 52739K, committed 53040K, reserved 1097728K
  class space    used 5255K, capacity 5416K, committed 5504K, reserved 1048576K
}
Event: 4139.629 GC heap before
{Heap before GC invocations=1757 (full 3):
 garbage-first heap   total 351232K, used 316788K [0x0000000081600000, 0x0000000100000000)
  region size 1024K, 17 young (17408K), 2 survivors (2048K)
 Metaspace       used 52229K, capacity 52739K, committed 53040K, reserved 1097728K
  class space    used 5255K, capacity 5416K, committed 5504K, reserved 1048576K
}
Event: 4139.631 GC heap after
{Heap after GC invocations=1758 (full 3):
 garbage-first heap   total 351232K, used 301428K [0x0000000081600000, 0x0000000100000000)
  region size 1024K, 2 young (2048K), 2 survivors (2048K)
 Metaspace       used 52229K, capacity 52739K, committed 53040K, reserved 1097728K
  class space    used 5255K, capacity 5416K, committed 5504K, reserved 1048576K
}
Event: 4140.130 GC heap before
{Heap before GC invocations=1758 (full 3):
 garbage-first heap   total 351232K, used 316788K [0x0000000081600000, 0x0000000100000000)
  region size 1024K, 17 young (17408K), 2 survivors (2048K)
 Metaspace       used 52229K, capacity 52739K, committed 53040K, reserved 1097728K
  class space    used 5255K, capacity 5416K, committed 5504K, reserved 1048576K
}
Event: 4140.132 GC heap after
{Heap after GC invocations=1759 (full 3):
 garbage-first heap   total 351232K, used 301511K [0x0000000081600000, 0x0000000100000000)
  region size 1024K, 2 young (2048K), 2 survivors (2048K)
 Metaspace       used 52229K, capacity 52739K, committed 53040K, reserved 1097728K
  class space    used 5255K, capacity 5416K, committed 5504K, reserved 1048576K
}
Event: 4141.275 GC heap before
{Heap before GC invocations=1759 (full 3):
 garbage-first heap   total 351232K, used 316871K [0x0000000081600000, 0x0000000100000000)
  region size 1024K, 17 young (17408K), 2 survivors (2048K)
 Metaspace       used 52229K, capacity 52739K, committed 53040K, reserved 1097728K
  class space    used 5255K, capacity 5416K, committed 5504K, reserved 1048576K
}
Event: 4141.277 GC heap after
{Heap after GC invocations=1760 (full 3):
 garbage-first heap   total 351232K, used 301386K [0x0000000081600000, 0x0000000100000000)
  region size 1024K, 2 young (2048K), 2 survivors (2048K)
 Metaspace       used 52229K, capacity 52739K, committed 53040K, reserved 1097728K
  class space    used 5255K, capacity 5416K, committed 5504K, reserved 1048576K
}
Event: 4141.528 GC heap before
{Heap before GC invocations=1760 (full 3):
 garbage-first heap   total 351232K, used 316746K [0x0000000081600000, 0x0000000100000000)
  region size 1024K, 17 young (17408K), 2 survivors (2048K)
 Metaspace       used 52230K, capacity 52739K, committed 53040K, reserved 1097728K
  class space    used 5255K, capacity 5416K, committed 5504K, reserved 1048576K
}
Event: 4141.593 GC heap after
{Heap after GC invocations=1761 (full 3):
 garbage-first heap   total 351232K, used 301698K [0x0000000081600000, 0x0000000100000000)
  region size 1024K, 2 young (2048K), 2 survivors (2048K)
 Metaspace       used 52230K, capacity 52739K, committed 53040K, reserved 1097728K
  class space    used 5255K, capacity 5416K, committed 5504K, reserved 1048576K
}
Event: 4142.080 GC heap before
{Heap before GC invocations=1761 (full 3):
 garbage-first heap   total 351232K, used 317058K [0x0000000081600000, 0x0000000100000000)
  region size 1024K, 17 young (17408K), 2 survivors (2048K)
 Metaspace       used 52230K, capacity 52739K, committed 53040K, reserved 1097728K
  class space    used 5255K, capacity 5416K, committed 5504K, reserved 1048576K
}
Event: 4142.082 GC heap after
{Heap after GC invocations=1762 (full 3):
 garbage-first heap   total 351232K, used 301442K [0x0000000081600000, 0x0000000100000000)
  region size 1024K, 1 young (1024K), 1 survivors (1024K)
 Metaspace       used 52230K, capacity 52739K, committed 53040K, reserved 1097728K
  class space    used 5255K, capacity 5416K, committed 5504K, reserved 1048576K
}
Event: 4142.632 GC heap before
{Heap before GC invocations=1762 (full 3):
 garbage-first heap   total 351232K, used 317826K [0x0000000081600000, 0x0000000100000000)
  region size 1024K, 17 young (17408K), 1 survivors (1024K)
 Metaspace       used 52231K, capacity 52739K, committed 53040K, reserved 1097728K
  class space    used 5255K, capacity 5416K, committed 5504K, reserved 1048576K
}
Event: 4142.910 GC heap after
{Heap after GC invocations=1763 (full 3):
 garbage-first heap   total 351232K, used 301546K [0x0000000081600000, 0x0000000100000000)
  region size 1024K, 1 young (1024K), 1 survivors (1024K)
 Metaspace       used 52231K, capacity 52739K, committed 53040K, reserved 1097728K
  class space    used 5255K, capacity 5416K, committed 5504K, reserved 1048576K
}
Event: 4143.343 GC heap before
{Heap before GC invocations=1763 (full 3):
 garbage-first heap   total 351232K, used 317930K [0x0000000081600000, 0x0000000100000000)
  region size 1024K, 17 young (17408K), 1 survivors (1024K)
 Metaspace       used 52231K, capacity 52739K, committed 53040K, reserved 1097728K
  class space    used 5255K, capacity 5416K, committed 5504K, reserved 1048576K
}

Deoptimization events (20 events):
Event: 4143.281 Thread 0x000001ea25ac7000 DEOPT PACKING pc=0x000001ea11cbdadc sp=0x00000072c60ff110
Event: 4143.281 Thread 0x000001ea25ac7000 DEOPT UNPACKING pc=0x000001ea09aca95e sp=0x00000072c60fe4d0 mode 1
Event: 4143.281 Thread 0x000001ea25ac7000 DEOPT PACKING pc=0x000001ea119d6c44 sp=0x00000072c60ff190
Event: 4143.281 Thread 0x000001ea25ac7000 DEOPT UNPACKING pc=0x000001ea09aca95e sp=0x00000072c60fe4e8 mode 1
Event: 4143.283 Thread 0x000001ea291d6800 DEOPT PACKING pc=0x000001ea121c91fc sp=0x00000072c6cfef40
Event: 4143.283 Thread 0x000001ea291d6800 DEOPT UNPACKING pc=0x000001ea09aca95e sp=0x00000072c6cfe3d0 mode 1
Event: 4143.287 Thread 0x000001ea291d6800 DEOPT PACKING pc=0x000001ea121c91fc sp=0x00000072c6cfef40
Event: 4143.287 Thread 0x000001ea291d6800 DEOPT UNPACKING pc=0x000001ea09aca95e sp=0x00000072c6cfe3d0 mode 1
Event: 4143.293 Thread 0x000001ea291d6800 DEOPT PACKING pc=0x000001ea121c91fc sp=0x00000072c6cfef40
Event: 4143.293 Thread 0x000001ea291d6800 DEOPT UNPACKING pc=0x000001ea09aca95e sp=0x00000072c6cfe3d0 mode 1
Event: 4143.302 Thread 0x000001ea291d6800 DEOPT PACKING pc=0x000001ea121c91fc sp=0x00000072c6cfef40
Event: 4143.302 Thread 0x000001ea291d6800 DEOPT UNPACKING pc=0x000001ea09aca95e sp=0x00000072c6cfe3d0 mode 1
Event: 4143.306 Thread 0x000001ea291d6800 DEOPT PACKING pc=0x000001ea121c91fc sp=0x00000072c6cfef40
Event: 4143.306 Thread 0x000001ea291d6800 DEOPT UNPACKING pc=0x000001ea09aca95e sp=0x00000072c6cfe3d0 mode 1
Event: 4143.319 Thread 0x000001ea25ac6800 DEOPT PACKING pc=0x000001ea127491d0 sp=0x00000072c65feba0
Event: 4143.319 Thread 0x000001ea25ac6800 DEOPT UNPACKING pc=0x000001ea09aca95e sp=0x00000072c65fe060 mode 1
Event: 4143.319 Thread 0x000001ea25ac6800 DEOPT PACKING pc=0x000001ea126a468c sp=0x00000072c65fed40
Event: 4143.319 Thread 0x000001ea25ac6800 DEOPT UNPACKING pc=0x000001ea09aca95e sp=0x00000072c65fe170 mode 1
Event: 4143.319 Thread 0x000001ea25ac6800 DEOPT PACKING pc=0x000001ea119d6c44 sp=0x00000072c65fed80
Event: 4143.319 Thread 0x000001ea25ac6800 DEOPT UNPACKING pc=0x000001ea09aca95e sp=0x00000072c65fe0d8 mode 1

Classes redefined (20 events):
Event: 1316.025 Thread 0x000001ea20b0d000 redefined class name=me.kansio.client.modules.impl.combat.KillAura, count=9
Event: 1461.643 Thread 0x000001ea20b0d000 redefined class name=me.kansio.client.modules.impl.combat.KillAura, count=10
Event: 1562.122 Thread 0x000001ea20b0d000 redefined class name=me.kansio.client.modules.impl.combat.KillAura, count=11
Event: 1837.986 Thread 0x000001ea20b0d000 redefined class name=me.kansio.client.utils.rotations.AimUtil, count=1
Event: 1838.019 Thread 0x000001ea20b0d000 redefined class name=me.kansio.client.modules.impl.combat.KillAura, count=12
Event: 1866.686 Thread 0x000001ea20b0d000 redefined class name=net.minecraft.client.renderer.ItemRenderer$ItemRenderer$1, count=4
Event: 1866.720 Thread 0x000001ea20b0d000 redefined class name=net.minecraft.client.renderer.ItemRenderer, count=4
Event: 1873.965 Thread 0x000001ea20b0d000 redefined class name=me.kansio.client.modules.impl.combat.KillAura, count=13
Event: 1930.296 Thread 0x000001ea20b0d000 redefined class name=me.kansio.client.modules.impl.combat.KillAura, count=14
Event: 1982.395 Thread 0x000001ea20b0d000 redefined class name=me.kansio.client.modules.impl.combat.KillAura, count=15
Event: 2071.850 Thread 0x000001ea20b0d000 redefined class name=me.kansio.client.modules.impl.combat.KillAura, count=16
Event: 2071.884 Thread 0x000001ea20b0d000 redefined class name=net.minecraft.client.renderer.ItemRenderer$ItemRenderer$1, count=5
Event: 2071.919 Thread 0x000001ea20b0d000 redefined class name=net.minecraft.client.renderer.ItemRenderer, count=5
Event: 2153.363 Thread 0x000001ea20b0d000 redefined class name=me.kansio.client.modules.impl.combat.KillAura, count=17
Event: 2168.036 Thread 0x000001ea20b0d000 redefined class name=me.kansio.client.modules.impl.combat.KillAura, count=18
Event: 2332.598 Thread 0x000001ea20b0d000 redefined class name=me.kansio.client.modules.impl.combat.KillAura, count=19
Event: 2431.054 Thread 0x000001ea20b0d000 redefined class name=net.minecraft.client.renderer.ItemRenderer$ItemRenderer$1, count=6
Event: 2431.092 Thread 0x000001ea20b0d000 redefined class name=net.minecraft.client.renderer.ItemRenderer, count=6
Event: 4101.258 Thread 0x000001ea20b0d000 redefined class name=net.minecraft.client.renderer.ItemRenderer$ItemRenderer$1, count=7
Event: 4101.311 Thread 0x000001ea20b0d000 redefined class name=net.minecraft.client.renderer.ItemRenderer, count=7

Internal exceptions (20 events):
Event: 4143.194 Thread 0x000001ea291d6800 Exception <a 'java/lang/InterruptedException'{0x000000009605c448}: sleep interrupted> (0x000000009605c448) thrown at [./src/hotspot/share/prims/jvm.cpp, line 3125]
Event: 4143.199 Thread 0x000001ea291d6800 Exception <a 'java/lang/InterruptedException'{0x00000000960ae808}: sleep interrupted> (0x00000000960ae808) thrown at [./src/hotspot/share/prims/jvm.cpp, line 3125]
Event: 4143.211 Thread 0x000001ea291d6800 Exception <a 'java/lang/InterruptedException'{0x00000000960aeb68}: sleep interrupted> (0x00000000960aeb68) thrown at [./src/hotspot/share/prims/jvm.cpp, line 3125]
Event: 4143.214 Thread 0x000001ea291d6800 Exception <a 'java/lang/InterruptedException'{0x00000000960aeec8}: sleep interrupted> (0x00000000960aeec8) thrown at [./src/hotspot/share/prims/jvm.cpp, line 3125]
Event: 4143.214 Thread 0x000001ea291d6800 Exception <a 'java/lang/InterruptedException'{0x0000000095f002c0}: sleep interrupted> (0x0000000095f002c0) thrown at [./src/hotspot/share/prims/jvm.cpp, line 3099]
Event: 4143.218 Thread 0x000001ea291d6800 Exception <a 'java/lang/InterruptedException'{0x0000000095f20b88}: sleep interrupted> (0x0000000095f20b88) thrown at [./src/hotspot/share/prims/jvm.cpp, line 3125]
Event: 4143.228 Thread 0x000001ea291d6800 Exception <a 'java/lang/InterruptedException'{0x0000000095f20ee8}: sleep interrupted> (0x0000000095f20ee8) thrown at [./src/hotspot/share/prims/jvm.cpp, line 3125]
Event: 4143.231 Thread 0x000001ea291d6800 Exception <a 'java/lang/InterruptedException'{0x0000000095f21248}: sleep interrupted> (0x0000000095f21248) thrown at [./src/hotspot/share/prims/jvm.cpp, line 3125]
Event: 4143.237 Thread 0x000001ea291d6800 Exception <a 'java/lang/InterruptedException'{0x0000000095ffdbb0}: sleep interrupted> (0x0000000095ffdbb0) thrown at [./src/hotspot/share/prims/jvm.cpp, line 3125]
Event: 4143.245 Thread 0x000001ea291d6800 Exception <a 'java/lang/InterruptedException'{0x0000000095ffdf10}: sleep interrupted> (0x0000000095ffdf10) thrown at [./src/hotspot/share/prims/jvm.cpp, line 3125]
Event: 4143.248 Thread 0x000001ea291d6800 Exception <a 'java/lang/InterruptedException'{0x0000000095e41038}: sleep interrupted> (0x0000000095e41038) thrown at [./src/hotspot/share/prims/jvm.cpp, line 3125]
Event: 4143.255 Thread 0x000001ea291d6800 Exception <a 'java/lang/InterruptedException'{0x0000000095e41398}: sleep interrupted> (0x0000000095e41398) thrown at [./src/hotspot/share/prims/jvm.cpp, line 3125]
Event: 4143.262 Thread 0x000001ea291d6800 Exception <a 'java/lang/InterruptedException'{0x0000000095e416f8}: sleep interrupted> (0x0000000095e416f8) thrown at [./src/hotspot/share/prims/jvm.cpp, line 3125]
Event: 4143.267 Thread 0x000001ea291d6800 Exception <a 'java/lang/InterruptedException'{0x0000000095e82e20}: sleep interrupted> (0x0000000095e82e20) thrown at [./src/hotspot/share/prims/jvm.cpp, line 3125]
Event: 4143.273 Thread 0x000001ea291d6800 Exception <a 'java/lang/InterruptedException'{0x0000000095e83180}: sleep interrupted> (0x0000000095e83180) thrown at [./src/hotspot/share/prims/jvm.cpp, line 3125]
Event: 4143.283 Thread 0x000001ea291d6800 Exception <a 'java/lang/InterruptedException'{0x0000000095e834e0}: sleep interrupted> (0x0000000095e834e0) thrown at [./src/hotspot/share/prims/jvm.cpp, line 3125]
Event: 4143.287 Thread 0x000001ea291d6800 Exception <a 'java/lang/InterruptedException'{0x0000000095d932d8}: sleep interrupted> (0x0000000095d932d8) thrown at [./src/hotspot/share/prims/jvm.cpp, line 3125]
Event: 4143.293 Thread 0x000001ea291d6800 Exception <a 'java/lang/InterruptedException'{0x0000000095d93638}: sleep interrupted> (0x0000000095d93638) thrown at [./src/hotspot/share/prims/jvm.cpp, line 3125]
Event: 4143.302 Thread 0x000001ea291d6800 Exception <a 'java/lang/InterruptedException'{0x0000000095dd42b0}: sleep interrupted> (0x0000000095dd42b0) thrown at [./src/hotspot/share/prims/jvm.cpp, line 3125]
Event: 4143.306 Thread 0x000001ea291d6800 Exception <a 'java/lang/InterruptedException'{0x0000000095dd4610}: sleep interrupted> (0x0000000095dd4610) thrown at [./src/hotspot/share/prims/jvm.cpp, line 3125]

Events (20 events):
Event: 4137.987 Executing VM operation: G1CollectForAllocation done
Event: 4138.339 Executing VM operation: G1CollectForAllocation
Event: 4138.341 Executing VM operation: G1CollectForAllocation done
Event: 4138.689 Executing VM operation: G1CollectForAllocation
Event: 4138.713 Executing VM operation: G1CollectForAllocation done
Event: 4139.129 Executing VM operation: G1CollectForAllocation
Event: 4139.130 Executing VM operation: G1CollectForAllocation done
Event: 4139.628 Executing VM operation: G1CollectForAllocation
Event: 4139.631 Executing VM operation: G1CollectForAllocation done
Event: 4140.130 Executing VM operation: G1CollectForAllocation
Event: 4140.132 Executing VM operation: G1CollectForAllocation done
Event: 4140.631 Executing VM operation: G1CollectForAllocation
Event: 4141.277 Executing VM operation: G1CollectForAllocation done
Event: 4141.528 Executing VM operation: G1CollectForAllocation
Event: 4141.593 Executing VM operation: G1CollectForAllocation done
Event: 4142.080 Executing VM operation: G1CollectForAllocation
Event: 4142.082 Executing VM operation: G1CollectForAllocation done
Event: 4142.632 Executing VM operation: G1CollectForAllocation
Event: 4142.910 Executing VM operation: G1CollectForAllocation done
Event: 4143.320 Executing VM operation: G1CollectForAllocation


Dynamic libraries:
0x00007ff7f92e0000 - 0x00007ff7f92ed000 	C:\Users\beand\.jdks\corretto-11.0.13\bin\java.exe
0x00007ffb3f0d0000 - 0x00007ffb3f2c5000 	C:\WINDOWS\SYSTEM32\ntdll.dll
0x00007ffb3e9e0000 - 0x00007ffb3ea9e000 	C:\WINDOWS\System32\KERNEL32.DLL
0x00007ffb3c7e0000 - 0x00007ffb3caa8000 	C:\WINDOWS\System32\KERNELBASE.dll
0x00007ffb3cb10000 - 0x00007ffb3cc10000 	C:\WINDOWS\System32\ucrtbase.dll
0x00007ffb37ac0000 - 0x00007ffb37ad7000 	C:\Users\beand\.jdks\corretto-11.0.13\bin\jli.dll
0x00007ffb37bb0000 - 0x00007ffb37bc9000 	C:\Users\beand\.jdks\corretto-11.0.13\bin\VCRUNTIME140.dll
0x00007ffb3e830000 - 0x00007ffb3e9d1000 	C:\WINDOWS\System32\USER32.dll
0x00007ffb1e950000 - 0x00007ffb1ebea000 	C:\WINDOWS\WinSxS\amd64_microsoft.windows.common-controls_6595b64144ccf1df_6.0.19041.1110_none_60b5254171f9507e\COMCTL32.dll
0x00007ffb3cab0000 - 0x00007ffb3cad2000 	C:\WINDOWS\System32\win32u.dll
0x00007ffb3ead0000 - 0x00007ffb3eb6e000 	C:\WINDOWS\System32\msvcrt.dll
0x00007ffb3d3f0000 - 0x00007ffb3d41b000 	C:\WINDOWS\System32\GDI32.dll
0x00007ffb3cc70000 - 0x00007ffb3cd7d000 	C:\WINDOWS\System32\gdi32full.dll
0x00007ffb3cf70000 - 0x00007ffb3d00d000 	C:\WINDOWS\System32\msvcp_win.dll
0x00007ffb3eaa0000 - 0x00007ffb3ead0000 	C:\WINDOWS\System32\IMM32.DLL
0x00007ffb14c90000 - 0x00007ffb14d2b000 	C:\Users\beand\.jdks\corretto-11.0.13\bin\msvcp140.dll
0x00007ffaf1ae0000 - 0x00007ffaf265f000 	C:\Users\beand\.jdks\corretto-11.0.13\bin\server\jvm.dll
0x00007ffb3e780000 - 0x00007ffb3e82c000 	C:\WINDOWS\System32\ADVAPI32.dll
0x00007ffb3e680000 - 0x00007ffb3e71b000 	C:\WINDOWS\System32\sechost.dll
0x00007ffb3e420000 - 0x00007ffb3e54a000 	C:\WINDOWS\System32\RPCRT4.dll
0x00007ffb3e1d0000 - 0x00007ffb3e1d8000 	C:\WINDOWS\System32\PSAPI.DLL
0x00007ffb01ba0000 - 0x00007ffb01ba9000 	C:\WINDOWS\SYSTEM32\WSOCK32.dll
0x00007ffb37f00000 - 0x00007ffb37f0a000 	C:\WINDOWS\SYSTEM32\VERSION.dll
0x00007ffb2a200000 - 0x00007ffb2a227000 	C:\WINDOWS\SYSTEM32\WINMM.dll
0x00007ffb3da10000 - 0x00007ffb3da7b000 	C:\WINDOWS\System32\WS2_32.dll
0x00007ffb3b0b0000 - 0x00007ffb3b0c2000 	C:\WINDOWS\SYSTEM32\kernel.appcore.dll
0x00007ffb37b40000 - 0x00007ffb37b50000 	C:\Users\beand\.jdks\corretto-11.0.13\bin\verify.dll
0x00007ffb3ad00000 - 0x00007ffb3aee4000 	C:\WINDOWS\SYSTEM32\DBGHELP.DLL
0x00007ffb37f70000 - 0x00007ffb37f9c000 	C:\WINDOWS\SYSTEM32\dbgcore.DLL
0x00007ffb3cd80000 - 0x00007ffb3ce02000 	C:\WINDOWS\System32\bcryptPrimitives.dll
0x00007ffb27f30000 - 0x00007ffb27f58000 	C:\Users\beand\.jdks\corretto-11.0.13\bin\java.dll
0x00007ffb37ab0000 - 0x00007ffb37aba000 	C:\Users\beand\.jdks\corretto-11.0.13\bin\jimage.dll
0x00007ffb27ef0000 - 0x00007ffb27f28000 	C:\Users\beand\.jdks\corretto-11.0.13\bin\jdwp.dll
0x00007ffb37aa0000 - 0x00007ffb37aae000 	C:\Users\beand\.jdks\corretto-11.0.13\bin\instrument.dll
0x00007ffb365c0000 - 0x00007ffb365d7000 	C:\Users\beand\.jdks\corretto-11.0.13\bin\zip.dll
0x00007ffb3da80000 - 0x00007ffb3e1c4000 	C:\WINDOWS\System32\SHELL32.dll
0x00007ffb3a4a0000 - 0x00007ffb3ac34000 	C:\WINDOWS\SYSTEM32\windows.storage.dll
0x00007ffb3ec80000 - 0x00007ffb3efd5000 	C:\WINDOWS\System32\combase.dll
0x00007ffb3c230000 - 0x00007ffb3c25e000 	C:\WINDOWS\SYSTEM32\Wldp.dll
0x00007ffb3e300000 - 0x00007ffb3e3ad000 	C:\WINDOWS\System32\SHCORE.dll
0x00007ffb3eb70000 - 0x00007ffb3ebc5000 	C:\WINDOWS\System32\shlwapi.dll
0x00007ffb3c720000 - 0x00007ffb3c73f000 	C:\WINDOWS\SYSTEM32\profapi.dll
0x00007ffb28760000 - 0x00007ffb2876a000 	C:\Users\beand\.jdks\corretto-11.0.13\bin\dt_socket.dll
0x00007ffb3bf20000 - 0x00007ffb3bf8a000 	C:\WINDOWS\system32\mswsock.dll
0x00007ffb27d50000 - 0x00007ffb27d69000 	C:\Users\beand\.jdks\corretto-11.0.13\bin\net.dll
0x00007ffb321f0000 - 0x00007ffb322fc000 	C:\WINDOWS\SYSTEM32\WINHTTP.dll
0x00007ffb27bb0000 - 0x00007ffb27bc2000 	C:\Users\beand\.jdks\corretto-11.0.13\bin\nio.dll
0x0000000180000000 - 0x0000000180053000 	D:\ClientMaking\CatJam\Client\workspace\versions\1.8.8\1.8.8-natives\lwjgl64.dll
0x00007ffb0d550000 - 0x00007ffb0d675000 	C:\WINDOWS\SYSTEM32\OPENGL32.dll
0x00007ffb177b0000 - 0x00007ffb177dc000 	C:\WINDOWS\SYSTEM32\GLU32.dll
0x00007ffb3c180000 - 0x00007ffb3c198000 	C:\WINDOWS\SYSTEM32\CRYPTSP.dll
0x00007ffb3b8a0000 - 0x00007ffb3b8d4000 	C:\WINDOWS\system32\rsaenh.dll
0x00007ffb3cae0000 - 0x00007ffb3cb07000 	C:\WINDOWS\System32\bcrypt.dll
0x00007ffb3c6a0000 - 0x00007ffb3c6ce000 	C:\WINDOWS\SYSTEM32\USERENV.dll
0x00007ffb3c1a0000 - 0x00007ffb3c1ac000 	C:\WINDOWS\SYSTEM32\CRYPTBASE.dll
0x00007ffb3bc10000 - 0x00007ffb3bc4b000 	C:\WINDOWS\SYSTEM32\IPHLPAPI.DLL
0x00007ffb3d420000 - 0x00007ffb3d428000 	C:\WINDOWS\System32\NSI.dll
0x00007ffb36ce0000 - 0x00007ffb36cf7000 	C:\WINDOWS\SYSTEM32\dhcpcsvc6.DLL
0x00007ffb36cc0000 - 0x00007ffb36cdd000 	C:\WINDOWS\SYSTEM32\dhcpcsvc.DLL
0x00007ffb3bc50000 - 0x00007ffb3bd1b000 	C:\WINDOWS\SYSTEM32\DNSAPI.dll
0x00007ffb28750000 - 0x00007ffb28759000 	C:\Users\beand\.jdks\corretto-11.0.13\bin\management.dll
0x00007ffb27d40000 - 0x00007ffb27d4b000 	C:\Users\beand\.jdks\corretto-11.0.13\bin\management_ext.dll
0x00007ffb19050000 - 0x00007ffb19067000 	C:\WINDOWS\system32\napinsp.dll
0x00007ffb19030000 - 0x00007ffb1904b000 	C:\WINDOWS\system32\pnrpnsp.dll
0x00007ffb19010000 - 0x00007ffb19025000 	C:\WINDOWS\system32\wshbth.dll
0x00007ffb37840000 - 0x00007ffb3785d000 	C:\WINDOWS\system32\NLAapi.dll
0x00007ffb18ff0000 - 0x00007ffb19002000 	C:\WINDOWS\System32\winrnr.dll
0x00007ffb30ec0000 - 0x00007ffb30eca000 	C:\Windows\System32\rasadhlp.dll
0x00007ffb30ed0000 - 0x00007ffb30f4f000 	C:\WINDOWS\System32\fwpuclnt.dll
0x00007ffaf3820000 - 0x00007ffaf39ba000 	C:\Users\beand\.jdks\corretto-11.0.13\bin\awt.dll
0x00007ffb3d170000 - 0x00007ffb3d23d000 	C:\WINDOWS\System32\OLEAUT32.dll
0x00007ffb39c40000 - 0x00007ffb39cd0000 	C:\WINDOWS\SYSTEM32\apphelp.dll
0x00007ffb35aa0000 - 0x00007ffb35b4e000 	C:\WINDOWS\SYSTEM32\mscms.dll
0x00007ffb35a80000 - 0x00007ffb35a91000 	C:\WINDOWS\SYSTEM32\ColorAdapterClient.dll
0x00007ffb39d90000 - 0x00007ffb39e2e000 	C:\WINDOWS\system32\uxtheme.dll
0x00007ffb3e1e0000 - 0x00007ffb3e2f5000 	C:\WINDOWS\System32\MSCTF.dll
0x00007ffb33ae0000 - 0x00007ffb33bd9000 	C:\WINDOWS\SYSTEM32\textinputframework.dll
0x00007ffb396a0000 - 0x00007ffb399fe000 	C:\WINDOWS\System32\CoreUIComponents.dll
0x00007ffb39a00000 - 0x00007ffb39af2000 	C:\WINDOWS\System32\CoreMessaging.dll
0x00007ffb39540000 - 0x00007ffb39694000 	C:\WINDOWS\SYSTEM32\wintypes.dll
0x00007ffb3b4d0000 - 0x00007ffb3b503000 	C:\WINDOWS\SYSTEM32\ntmarta.dll
0x00007ffb3e550000 - 0x00007ffb3e67a000 	C:\WINDOWS\System32\ole32.dll
0x00007ffb3efe0000 - 0x00007ffb3f089000 	C:\WINDOWS\System32\clbcatq.dll
0x00007ffac1e50000 - 0x00007ffac482c000 	C:\WINDOWS\System32\DriverStore\FileRepository\nv_dispi.inf_amd64_7d91b2ed40558a26\nvoglv64.dll
0x00007ffb3d430000 - 0x00007ffb3d8a2000 	C:\WINDOWS\System32\SETUPAPI.dll
0x00007ffb3d0c0000 - 0x00007ffb3d10e000 	C:\WINDOWS\System32\cfgmgr32.dll
0x00007ffb38100000 - 0x00007ffb38114000 	C:\WINDOWS\SYSTEM32\WTSAPI32.dll
0x00007ffb3c3c0000 - 0x00007ffb3c3d2000 	C:\WINDOWS\SYSTEM32\msasn1.dll
0x00007ffb35890000 - 0x00007ffb358c1000 	C:\WINDOWS\SYSTEM32\cryptnet.dll
0x00007ffb3ce10000 - 0x00007ffb3cf66000 	C:\WINDOWS\System32\CRYPT32.dll
0x00007ffb3c580000 - 0x00007ffb3c5b4000 	C:\WINDOWS\System32\DEVOBJ.dll
0x00007ffb3cc10000 - 0x00007ffb3cc70000 	C:\WINDOWS\System32\WINTRUST.dll
0x00007ffb377f0000 - 0x00007ffb3782b000 	C:\WINDOWS\SYSTEM32\dxcore.dll
0x00007ffb092c0000 - 0x00007ffb0957e000 	C:\WINDOWS\system32\nvspcap64.dll
0x00007ffb3a0b0000 - 0x00007ffb3a0df000 	C:\WINDOWS\SYSTEM32\dwmapi.dll
0x00007ffb27f60000 - 0x00007ffb27fa3000 	C:\WINDOWS\SYSTEM32\icm32.dll
0x00007ffb3c010000 - 0x00007ffb3c05b000 	C:\WINDOWS\SYSTEM32\powrprof.dll
0x00007ffb3bff0000 - 0x00007ffb3c002000 	C:\WINDOWS\SYSTEM32\UMPDC.dll
0x00007ffb3b540000 - 0x00007ffb3b59a000 	C:\WINDOWS\SYSTEM32\WINSTA.dll
0x000001ea27e20000 - 0x000001ea27e58000 	C:\Users\beand\AppData\Local\Temp\jna\jna6979645587098943687.dll
0x000001ea2aae0000 - 0x000001ea2ab44000 	D:\ClientMaking\CatJam\Client\workspace\versions\1.8.8\1.8.8-natives\OpenAL64.dll
0x00007ffb13f90000 - 0x00007ffb1402c000 	C:\WINDOWS\SYSTEM32\dsound.dll
0x00007ffb15800000 - 0x00007ffb15826000 	C:\WINDOWS\SYSTEM32\winmmbase.dll
0x00007ffb33620000 - 0x00007ffb336a5000 	C:\WINDOWS\System32\MMDevApi.dll
0x00007ffb121c0000 - 0x00007ffb12341000 	C:\WINDOWS\SYSTEM32\AUDIOSES.DLL
0x00007ffb39eb0000 - 0x00007ffb39ec4000 	C:\WINDOWS\SYSTEM32\resourcepolicyclient.dll

dbghelp: loaded successfully - version: 4.0.5 - missing functions: none
symbol engine: initialized successfully - sym options: 0x614 - pdb path: .;C:\Users\beand\.jdks\corretto-11.0.13\bin;C:\WINDOWS\SYSTEM32;C:\WINDOWS\WinSxS\amd64_microsoft.windows.common-controls_6595b64144ccf1df_6.0.19041.1110_none_60b5254171f9507e;C:\Users\beand\.jdks\corretto-11.0.13\bin\server;D:\ClientMaking\CatJam\Client\workspace\versions\1.8.8\1.8.8-natives;C:\WINDOWS\System32\DriverStore\FileRepository\nv_dispi.inf_amd64_7d91b2ed40558a26;C:\Users\beand\AppData\Local\Temp\jna

VM Arguments:
jvm_args: -agentlib:jdwp=transport=dt_socket,address=127.0.0.1:1455,suspend=y,server=n -Djava.library.path=D:\ClientMaking\CatJam\Client\workspace\versions\1.8.8\1.8.8-natives -javaagent:C:\Users\beand\AppData\Local\JetBrains\IdeaIC2021.1\captureAgent\debugger-agent.jar -Dfile.encoding=UTF-8 
java_command: Start
java_class_path (initial): D:\ClientMaking\CatJam\Client\target\classes;C:\Users\beand\.m2\repository\net\minecraft\minecraft\1.8.8\minecraft-1.8.8.jar;C:\Users\beand\.m2\repository\oshi-project\oshi-core\1.1\oshi-core-1.1.jar;C:\Users\beand\.m2\repository\net\java\dev\jna\jna\3.4.0\jna-3.4.0.jar;C:\Users\beand\.m2\repository\net\java\dev\jna\platform\3.4.0\platform-3.4.0.jar;C:\Users\beand\.m2\repository\javax\vecmath\vecmath\1.5.2\vecmath-1.5.2.jar;C:\Users\beand\.m2\repository\org\apache\logging\log4j\log4j-api\2.0-beta9\log4j-api-2.0-beta9.jar;C:\Users\beand\.m2\repository\org\apache\logging\log4j\log4j-core\2.0-beta9\log4j-core-2.0-beta9.jar;C:\Users\beand\.m2\repository\com\ibm\icu\icu4j\51.2\icu4j-51.2.jar;C:\Users\beand\.m2\repository\net\sf\jopt-simple\jopt-simple\4.6\jopt-simple-4.6.jar;C:\Users\beand\.m2\repository\com\paulscode\codecjorbis\20101023\codecjorbis-20101023.jar;C:\Users\beand\.m2\repository\com\paulscode\codecwav\20101023\codecwav-20101023.jar;C:\Users\beand\.m2\repository\com\paulscode\libraryjavasound\20101123\libraryjavasound-20101123.jar;C:\Users\beand\.m2\repository\com\paulscode\librarylwjglopenal\20100824\librarylwjglopenal-20100824.jar;C:\Users\beand\.m2\repository\com\paulscode\soundsystem\20120107\soundsystem-20120107.jar;C:\Users\beand\.m2\repository\io\netty\netty-all\4.0.23.Final\netty-all-4.0.23.Final.jar;C:\Users\beand\.m2\repository\com\google\guava\guava\17.0\guava-17.0.jar;C:\Users\beand\.m2\repository\org\apache\commons\commons-lang3\3.3.2\commons-lang3-3.3.2.jar;C:\Users\beand\.m2\repository\commons-io\commons-io\2.4\commons-io-2.4.jar;C:\Users\beand\.m2\repository\commons-codec\commons-codec\1.9\commons-codec-1.9.jar;C:\Users\beand\.m2\repository\com\dorkbox\MessageBus\2.4\MessageBus-2.4.jar;C:\Users\beand\.m2\repository\org\jetbrains\kotlin\kotlin-stdlib-jdk8\1.4.32\kotlin-stdlib-jdk8-1.4.32.jar;C:\Users\beand\.m2\repository\org\jetbrains\kotlin\kotlin-stdlib\1.4.32\kotlin-stdlib-1.4.32.jar;C:\Users\beand\.m2\repositor
Launcher Type: SUN_STANDARD

[Global flags]
     intx CICompilerCount                          = 4                                         {product} {ergonomic}
     uint ConcGCThreads                            = 2                                         {product} {ergonomic}
     uint G1ConcRefinementThreads                  = 8                                         {product} {ergonomic}
   size_t G1HeapRegionSize                         = 1048576                                   {product} {ergonomic}
    uintx GCDrainStackTargetSize                   = 64                                        {product} {ergonomic}
   size_t InitialHeapSize                          = 134217728                                 {product} {ergonomic}
   size_t MarkStackSize                            = 4194304                                   {product} {ergonomic}
   size_t MaxHeapSize                              = 2124414976                                {product} {ergonomic}
   size_t MaxNewSize                               = 1274019840                                {product} {ergonomic}
   size_t MinHeapDeltaBytes                        = 1048576                                   {product} {ergonomic}
    uintx NonNMethodCodeHeapSize                   = 5836300                                {pd product} {ergonomic}
    uintx NonProfiledCodeHeapSize                  = 122910970                              {pd product} {ergonomic}
    uintx ProfiledCodeHeapSize                     = 122910970                              {pd product} {ergonomic}
    uintx ReservedCodeCacheSize                    = 251658240                              {pd product} {ergonomic}
     bool SegmentedCodeCache                       = true                                      {product} {ergonomic}
     bool UseCompressedClassPointers               = true                                 {lp64_product} {ergonomic}
     bool UseCompressedOops                        = true                                 {lp64_product} {ergonomic}
     bool UseG1GC                                  = true                                      {product} {ergonomic}
     bool UseLargePagesIndividualAllocation        = false                                  {pd product} {ergonomic}

Logging:
Log output configuration:
 #0: stdout all=warning uptime,level,tags
 #1: stderr all=off uptime,level,tags

Environment Variables:
JAVA_HOME=C:\Program Files\Java\jdk1.8.0_291
PATH=C:\Program Files (x86)\NVIDIA Corporation\PhysX\Common;C:\Program Files (x86)\VMware\VMware Workstation\bin\;C:\Program Files (x86)\Razer Chroma SDK\bin;C:\Program Files\Razer Chroma SDK\bin;C:\Program Files\Amazon Corretto\jdk1.8.0_292\bin;C:\Program Files (x86)\Razer\ChromaBroadcast\bin;C:\Program Files\Razer\ChromaBroadcast\bin;C:\Python39\Scripts\;C:\Python39\;C:\Program Files (x86)\Common Files\Oracle\Java\javapath;C:\Windows\system32;C:\Windows;C:\Windows\System32\Wbem;C:\Windows\System32\WindowsPowerShell\v1.0\;C:\Windows\System32\OpenSSH\;C:\ProgramData\chocolatey\bin;C:\Program Files\NVIDIA Corporation\NVIDIA NvDLISR;C:\Program Files\dotnet\;C:\Program Files\Microsoft SQL Server\130\Tools\Binn\;C:\Program Files\Microsoft SQL Server\Client SDK\ODBC\170\Tools\Binn\;C:\Program Files\Git\cmd;C:\Program Files\PuTTY\;C:\Windows\system32\config\systemprofile\AppData\Local\Microsoft\WindowsApps;C:\WINDOWS\system32;C:\WINDOWS;C:\WINDOWS\System32\Wbem;C:\WINDOWS\System32\WindowsPowerShell\v1.0\;C:\WINDOWS\System32\OpenSSH\;C:\WINDOWS\system32\config\systemprofile\AppData\Local\Microsoft\WindowsApps;C:\Program Files\Java\jdk1.8.0_291\bin;C:\Program Files\Java\jdk1.8.0_291\bin;C:\Users\beand\OneDrive\Desktop\mongodb-windows-x86_64-4.4.6\mongodb-win32-x86_64-windows-4.4.6\bin;C:\Program Files\nodejs\;C:\Users\beand\.cargo\bin;C:\Users\beand\AppData\Local\Microsoft\WindowsApps;C:\Users\beand\.dotnet\tools;C:\Users\beand\AppData\Local\GitHubDesktop\bin;C:\Users\beand\AppData\Local\Programs\Microsoft VS Code\bin;C:\Users\beand\AppData\Roaming\npm
USERNAME=beand
OS=Windows_NT
PROCESSOR_IDENTIFIER=Intel64 Family 6 Model 60 Stepping 3, GenuineIntel



---------------  S Y S T E M  ---------------

OS: Windows 10 , 64 bit Build 19041 (10.0.19041.1348)
OS uptime: 0 days 9:27 hours

CPU:total 8 (initial active 8) (4 cores per cpu, 2 threads per core) family 6 model 60 stepping 3 microcode 0x27, cmov, cx8, fxsr, mmx, sse, sse2, sse3, ssse3, sse4.1, sse4.2, popcnt, avx, avx2, aes, clmul, erms, lzcnt, ht, tsc, tscinvbit, bmi1, bmi2, fma

Memory: 4k page, system-wide physical 8100M (1013M free)
TotalPageFile size 19347M (AvailPageFile size 154M)
current process WorkingSet (physical memory assigned to process): 260M, peak: 760M
current process commit charge ("private bytes"): 946M, peak: 1430M

vm_info: OpenJDK 64-Bit Server VM (11.0.13+8-LTS) for windows-amd64 JRE (11.0.13+8-LTS), built on Oct 13 2021 21:32:06 by "Administrator" with unknown MS VC++:1916

END.
